#
# A fatal error has been detected by the Java Runtime Environment:
#
#  EXCEPTION_ACCESS_VIOLATION (0xc0000005) at pc=0x00007ffa9f1ad466, pid=13560, tid=14328
#
# JRE version: OpenJDK Runtime Environment (11.0+28) (build 11+28)
# Java VM: OpenJDK 64-Bit Server VM (11+28, mixed mode, tiered, compressed oops, g1 gc, windows-amd64)
# Problematic frame:
# V  [jvm.dll+0x36d466]
#
# No core dump will be written. Minidumps are not enabled by default on client versions of Windows
#
# If you would like to submit a bug report, please visit:
#   http://bugreport.java.com/bugreport/crash.jsp
#

---------------  S U M M A R Y ------------

Command Line: -Dfile.encoding=UTF-8 gov.naco.soch.admin.AdminMicroserviceApplication

Host: Intel(R) Core(TM) i7-10700 CPU @ 2.90GHz, 16 cores, 31G,  Windows 10 , 64 bit Build 22000 (10.0.22000.675)
Time: Tue May 31 10:32:01 2022 India Standard Time elapsed time: 41 seconds (0d 0h 0m 41s)

---------------  T H R E A D  ---------------

Current thread (0x0000023d98aa8000):  JavaThread "C2 CompilerThread5" daemon [_thread_in_native, id=14328, stack(0x0000008921b00000,0x0000008921c00000)]


Current CompileTask:
C2:  41057 19711   !   4       java.lang.reflect.Field::declaredAnnotations (82 bytes)

Stack: [0x0000008921b00000,0x0000008921c00000],  sp=0x0000008921bfb880,  free space=1006k
Native frames: (J=compiled Java code, j=interpreted, Vv=VM code, C=native code)
V  [jvm.dll+0x36d466]
V  [jvm.dll+0x1ad6a3]
V  [jvm.dll+0x21c472]
V  [jvm.dll+0x21b50a]
V  [jvm.dll+0x198400]
V  [jvm.dll+0x22a4ff]
V  [jvm.dll+0x228b18]
V  [jvm.dll+0x73dc3d]
V  [jvm.dll+0x639e42]
C  [ucrtbase.dll+0x26c0c]
C  [KERNEL32.DLL+0x154e0]
C  [ntdll.dll+0x485b]


siginfo: EXCEPTION_ACCESS_VIOLATION (0xc0000005), reading address 0xffffffffffffffff


Register to memory mapping:

RIP=0x00007ffa9f1ad466 jvm.dll
RAX=0x0000023dbc662cc0 points into unknown readable memory
RBX=0x0000008921bfbee0 is pointing into the stack for thread: 0x0000023d98aa8000
RCX=0x0050023db8f969e8 is an unknown value
RDX=0x0000023dbd5343c8 points into unknown readable memory
RSP=0x0000008921bfb880 is pointing into the stack for thread: 0x0000023d98aa8000
RBP=0x0000008921bfb980 is pointing into the stack for thread: 0x0000023d98aa8000
RSI=0x0000000000000011 is an unknown value
RDI=0x0000023dbd534390 points into unknown readable memory
R8 =0x0000000000000001 is an unknown value
R9 =0x0 is NULL
R10=0x000000000000003e is an unknown value
R11=0x0000000055555555 is an unknown value
R12=0x0 is NULL
R13=0x0000023db875ccd0 points into unknown readable memory
R14=0x0 is NULL
R15=0x0000023dbca7b2d0 points into unknown readable memory


Registers:
RAX=0x0000023dbc662cc0, RBX=0x0000008921bfbee0, RCX=0x0050023db8f969e8, RDX=0x0000023dbd5343c8
RSP=0x0000008921bfb880, RBP=0x0000008921bfb980, RSI=0x0000000000000011, RDI=0x0000023dbd534390
R8 =0x0000000000000001, R9 =0x0000000000000000, R10=0x000000000000003e, R11=0x0000000055555555
R12=0x0000000000000000, R13=0x0000023db875ccd0, R14=0x0000000000000000, R15=0x0000023dbca7b2d0
RIP=0x00007ffa9f1ad466, EFLAGS=0x0000000000010202

Top of Stack: (sp=0x0000008921bfb880)
0x0000008921bfb880:   3e81ab5f5a9eb4a5 0000008921bfb980
0x0000008921bfb890:   0000000000000011 0000023dbc7e5460
0x0000008921bfb8a0:   0000008921bfb8d0 3e95340c06580bf9
0x0000008921bfb8b0:   0000001100000000 0000000d00000001
0x0000008921bfb8c0:   0000000000000000 0000000000000005
0x0000008921bfb8d0:   0000001100000000 0000000e00000000
0x0000008921bfb8e0:   0000023d00000000 0000001000000001
0x0000008921bfb8f0:   0000000000000219 0000023d00002652
0x0000008921bfb900:   0000000000000009 00007ffa9f1b34e1
0x0000008921bfb910:   0000023d0000002a 0000023dba3e3e80
0x0000008921bfb920:   0000023dbd98d020 0000000000000000
0x0000008921bfb930:   0000023dbb066e00 00007ffa00000001
0x0000008921bfb940:   0000023dbaebdb70 0000000000000001
0x0000008921bfb950:   0000023dbc308bb0 0000000000000000
0x0000008921bfb960:   0000023dbc7e5460 00007ffa9ef06301
0x0000008921bfb970:   0000023db890cab0 0000000000000000 

Instructions: (pc=0x00007ffa9f1ad466)
0x00007ffa9f1ad446:   00 00 48 8b 9d e0 00 00 00 41 b8 01 00 00 00 8b
0x00007ffa9f1ad456:   c8 49 8b 47 08 48 8b 0c c8 48 8b 83 28 01 00 00
0x00007ffa9f1ad466:   48 63 51 28 8b 0c 90 48 8b 45 98 8b d1 48 c1 ea
0x00007ffa9f1ad476:   08 44 8b d1 83 e1 1f 41 d3 e0 4c 8b 0c d0 41 8b 



---------------  P R O C E S S  ---------------

Threads class SMR info:
_java_thread_list=0x0000023d9e81dbe0, length=25, elements={
0x0000023de8ffc000, 0x0000023d97c7f800, 0x0000023d97c81800, 0x0000023d97d08800,
0x0000023d97d09800, 0x0000023d97d0c800, 0x0000023d97cc0800, 0x0000023d97cc5000,
0x0000023d980e9800, 0x0000023d97e82000, 0x0000023d9e59c000, 0x0000023d9e59c800,
0x0000023d986a4800, 0x0000023d9aee2000, 0x0000023d9aee3800, 0x0000023d9aee5000,
0x0000023da0386800, 0x0000023d9884a000, 0x0000023d9e663800, 0x0000023da4d55000,
0x0000023d9f997800, 0x0000023db3aab800, 0x0000023d98aa8000, 0x0000023d9f98c800,
0x0000023da5bc8000
}

Java Threads: ( => current thread )
  0x0000023de8ffc000 JavaThread "main" [_thread_in_native, id=13240, stack(0x000000891ec00000,0x000000891ed00000)]
  0x0000023d97c7f800 JavaThread "Reference Handler" daemon [_thread_blocked, id=14316, stack(0x000000891f300000,0x000000891f400000)]
  0x0000023d97c81800 JavaThread "Finalizer" daemon [_thread_blocked, id=936, stack(0x000000891f400000,0x000000891f500000)]
  0x0000023d97d08800 JavaThread "Signal Dispatcher" daemon [_thread_blocked, id=5896, stack(0x000000891f500000,0x000000891f600000)]
  0x0000023d97d09800 JavaThread "Attach Listener" daemon [_thread_blocked, id=15040, stack(0x000000891f600000,0x000000891f700000)]
  0x0000023d97d0c800 JavaThread "C2 CompilerThread0" daemon [_thread_in_native, id=8688, stack(0x000000891f700000,0x000000891f800000)]
  0x0000023d97cc0800 JavaThread "C1 CompilerThread0" daemon [_thread_blocked, id=11764, stack(0x000000891f800000,0x000000891f900000)]
  0x0000023d97cc5000 JavaThread "Sweeper thread" daemon [_thread_blocked, id=13692, stack(0x000000891f900000,0x000000891fa00000)]
  0x0000023d980e9800 JavaThread "Service Thread" daemon [_thread_blocked, id=8700, stack(0x000000891fa00000,0x000000891fb00000)]
  0x0000023d97e82000 JavaThread "Common-Cleaner" daemon [_thread_blocked, id=9328, stack(0x000000891fc00000,0x000000891fd00000)]
  0x0000023d9e59c000 JavaThread "PostgreSQL-JDBC-SharedTimer-1" daemon [_thread_blocked, id=13968, stack(0x0000008921300000,0x0000008921400000)]
  0x0000023d9e59c800 JavaThread "SpringBootJPAHikariCP housekeeper" daemon [_thread_blocked, id=1104, stack(0x0000008921500000,0x0000008921600000)]
  0x0000023d986a4800 JavaThread "C1 CompilerThread1" daemon [_thread_blocked, id=2996, stack(0x000000891fd00000,0x000000891fe00000)]
  0x0000023d9aee2000 JavaThread "Catalina-utility-1" [_thread_blocked, id=3412, stack(0x0000008921100000,0x0000008921200000)]
  0x0000023d9aee3800 JavaThread "Catalina-utility-2" [_thread_blocked, id=13164, stack(0x0000008921600000,0x0000008921700000)]
  0x0000023d9aee5000 JavaThread "container-0" [_thread_blocked, id=13208, stack(0x0000008921700000,0x0000008921800000)]
  0x0000023da0386800 JavaThread "C1 CompilerThread2" daemon [_thread_blocked, id=7820, stack(0x000000891fe00000,0x000000891ff00000)]
  0x0000023d9884a000 JavaThread "C1 CompilerThread3" daemon [_thread_blocked, id=14696, stack(0x000000891ff00000,0x0000008920000000)]
  0x0000023d9e663800 JavaThread "C2 CompilerThread1" daemon [_thread_in_native, id=7872, stack(0x0000008920c00000,0x0000008920d00000)]
  0x0000023da4d55000 JavaThread "C2 CompilerThread2" daemon [_thread_in_native, id=6280, stack(0x0000008921000000,0x0000008921100000)]
  0x0000023d9f997800 JavaThread "C2 CompilerThread3" daemon [_thread_in_native, id=9640, stack(0x0000008921900000,0x0000008921a00000)]
  0x0000023db3aab800 JavaThread "C2 CompilerThread4" daemon [_thread_in_native, id=9628, stack(0x0000008921a00000,0x0000008921b00000)]
=>0x0000023d98aa8000 JavaThread "C2 CompilerThread5" daemon [_thread_in_native, id=14328, stack(0x0000008921b00000,0x0000008921c00000)]
  0x0000023d9f98c800 JavaThread "C2 CompilerThread6" daemon [_thread_in_native, id=5392, stack(0x0000008921c00000,0x0000008921d00000)]
  0x0000023da5bc8000 JavaThread "C2 CompilerThread7" daemon [_thread_in_native, id=3832, stack(0x0000008921d00000,0x0000008921e00000)]

Other Threads:
  0x0000023d97c7f000 VMThread "VM Thread" [stack: 0x000000891f200000,0x000000891f300000] [id=15244]
  0x0000023d980ea000 WatcherThread [stack: 0x000000891fb00000,0x000000891fc00000] [id=5140]
  0x0000023de9011800 GCTaskThread "GC Thread#0" [stack: 0x000000891ed00000,0x000000891ee00000] [id=7008]
  0x0000023d995c8000 GCTaskThread "GC Thread#1" [stack: 0x0000008920100000,0x0000008920200000] [id=1076]
  0x0000023d98b11800 GCTaskThread "GC Thread#2" [stack: 0x0000008920200000,0x0000008920300000] [id=6840]
  0x0000023d99043800 GCTaskThread "GC Thread#3" [stack: 0x0000008920300000,0x0000008920400000] [id=12308]
  0x0000023d99044800 GCTaskThread "GC Thread#4" [stack: 0x0000008920400000,0x0000008920500000] [id=3876]
  0x0000023d992d7800 GCTaskThread "GC Thread#5" [stack: 0x0000008920500000,0x0000008920600000] [id=3680]
  0x0000023d992d8000 GCTaskThread "GC Thread#6" [stack: 0x0000008920600000,0x0000008920700000] [id=11040]
  0x0000023d992d9000 GCTaskThread "GC Thread#7" [stack: 0x0000008920700000,0x0000008920800000] [id=15336]
  0x0000023d992d9800 GCTaskThread "GC Thread#8" [stack: 0x0000008920800000,0x0000008920900000] [id=4416]
  0x0000023d992dc000 GCTaskThread "GC Thread#9" [stack: 0x0000008920900000,0x0000008920a00000] [id=2464]
  0x0000023d992dd000 GCTaskThread "GC Thread#10" [stack: 0x0000008920a00000,0x0000008920b00000] [id=10900]
  0x0000023d992dd800 GCTaskThread "GC Thread#11" [stack: 0x0000008920b00000,0x0000008920c00000] [id=3820]
  0x0000023d98af7000 GCTaskThread "GC Thread#12" [stack: 0x0000008921400000,0x0000008921500000] [id=12116]
  0x0000023de9093000 ConcurrentGCThread "G1 Main Marker" [stack: 0x000000891ee00000,0x000000891ef00000] [id=7444]
  0x0000023de9099800 ConcurrentGCThread "G1 Conc#0" [stack: 0x000000891ef00000,0x000000891f000000] [id=12412]
  0x0000023d994cf000 ConcurrentGCThread "G1 Conc#1" [stack: 0x0000008920e00000,0x0000008920f00000] [id=10788]
  0x0000023d994d2000 ConcurrentGCThread "G1 Conc#2" [stack: 0x0000008920f00000,0x0000008921000000] [id=7104]
  0x0000023d971d6800 ConcurrentGCThread "G1 Refine#0" [stack: 0x000000891f000000,0x000000891f100000] [id=11308]
  0x0000023da5b06000 ConcurrentGCThread "G1 Refine#1" [stack: 0x0000008921800000,0x0000008921900000] [id=10292]
  0x0000023d971d8800 ConcurrentGCThread "G1 Young RemSet Sampling" [stack: 0x000000891f100000,0x000000891f200000] [id=852]

Threads with active compile tasks:
C2 CompilerThread019701   !   4       java.lang.reflect.Executable::declaredAnnotations (85 bytes)
C2 CompilerThread120090       4       org.springframework.boot.context.properties.source.SpringIterableConfigurationPropertySource::getPropertyMappings (114 bytes)
C2 CompilerThread219941   !   4       org.springframework.beans.factory.support.DefaultSingletonBeanRegistry::getSingleton (117 bytes)
C2 CompilerThread319756       4       org.springframework.core.annotation.TypeMappedAnnotation::getValue (41 bytes)
C2 CompilerThread419831       4       org.springframework.core.annotation.TypeMappedAnnotation::getValue (151 bytes)
C2 CompilerThread519711   !   4       java.lang.reflect.Field::declaredAnnotations (82 bytes)
C2 CompilerThread619911       4       org.springframework.core.annotation.AnnotatedElementUtils::hasAnnotation (38 bytes)
C2 CompilerThread719936       4       org.springframework.beans.factory.support.AbstractBeanFactory::isTypeMatch (607 bytes)

VM state:not at safepoint (normal execution)

VM Mutex/Monitor currently owned by a thread: None

Heap address: 0x0000000603600000, size: 8138 MB, Compressed Oops mode: Zero based, Oop shift amount: 3
Narrow klass base: 0x0000000800000000, Narrow klass shift: 0
Compressed class space size: 1073741824 Address: 0x0000000800000000

Heap:
 garbage-first heap   total 753664K, used 345815K [0x0000000603600000, 0x0000000800000000)
  region size 2048K, 55 young (112640K), 15 survivors (30720K)
 Metaspace       used 127442K, capacity 130246K, committed 130508K, reserved 1165312K
  class space    used 14149K, capacity 15213K, committed 15308K, reserved 1048576K
Heap Regions: E=young(eden), S=young(survivor), O=old, HS=humongous(starts), HC=humongous(continues), CS=collection set, F=free, A=archive, TAMS=top-at-mark-start (previous, next)
|   0|0x0000000603600000, 0x0000000603800000, 0x0000000603800000|100%| O|  |TAMS 0x0000000603800000, 0x0000000603600000| Untracked 
|   1|0x0000000603800000, 0x0000000603a00000, 0x0000000603a00000|100%| O|  |TAMS 0x0000000603a00000, 0x0000000603800000| Untracked 
|   2|0x0000000603a00000, 0x0000000603c00000, 0x0000000603c00000|100%| O|  |TAMS 0x0000000603c00000, 0x0000000603a00000| Untracked 
|   3|0x0000000603c00000, 0x0000000603e00000, 0x0000000603e00000|100%| O|  |TAMS 0x0000000603e00000, 0x0000000603c00000| Untracked 
|   4|0x0000000603e00000, 0x0000000604000000, 0x0000000604000000|100%| O|  |TAMS 0x0000000604000000, 0x0000000603e00000| Untracked 
|   5|0x0000000604000000, 0x0000000604200000, 0x0000000604200000|100%| O|  |TAMS 0x0000000604200000, 0x0000000604000000| Untracked 
|   6|0x0000000604200000, 0x0000000604400000, 0x0000000604400000|100%| O|  |TAMS 0x0000000604400000, 0x0000000604200000| Untracked 
|   7|0x0000000604400000, 0x0000000604600000, 0x0000000604600000|100%| O|  |TAMS 0x0000000604600000, 0x0000000604400000| Untracked 
|   8|0x0000000604600000, 0x0000000604800000, 0x0000000604800000|100%| O|  |TAMS 0x0000000604800000, 0x0000000604600000| Untracked 
|   9|0x0000000604800000, 0x0000000604a00000, 0x0000000604a00000|100%| O|  |TAMS 0x0000000604a00000, 0x0000000604800000| Untracked 
|  10|0x0000000604a00000, 0x0000000604c00000, 0x0000000604c00000|100%| O|  |TAMS 0x0000000604c00000, 0x0000000604a00000| Untracked 
|  11|0x0000000604c00000, 0x0000000604e00000, 0x0000000604e00000|100%| O|  |TAMS 0x0000000604e00000, 0x0000000604c00000| Untracked 
|  12|0x0000000604e00000, 0x0000000605000000, 0x0000000605000000|100%| O|  |TAMS 0x0000000605000000, 0x0000000604e00000| Untracked 
|  13|0x0000000605000000, 0x0000000605200000, 0x0000000605200000|100%| O|  |TAMS 0x0000000605200000, 0x0000000605000000| Untracked 
|  14|0x0000000605200000, 0x0000000605400000, 0x0000000605400000|100%| O|  |TAMS 0x0000000605400000, 0x0000000605200000| Untracked 
|  15|0x0000000605400000, 0x0000000605600000, 0x0000000605600000|100%| O|  |TAMS 0x0000000605600000, 0x0000000605400000| Untracked 
|  16|0x0000000605600000, 0x0000000605800000, 0x0000000605800000|100%| O|  |TAMS 0x0000000605800000, 0x0000000605600000| Untracked 
|  17|0x0000000605800000, 0x0000000605a00000, 0x0000000605a00000|100%| O|  |TAMS 0x0000000605a00000, 0x0000000605800000| Untracked 
|  18|0x0000000605a00000, 0x0000000605c00000, 0x0000000605c00000|100%| O|  |TAMS 0x0000000605c00000, 0x0000000605a00000| Untracked 
|  19|0x0000000605c00000, 0x0000000605e00000, 0x0000000605e00000|100%| O|  |TAMS 0x0000000605e00000, 0x0000000605c00000| Untracked 
|  20|0x0000000605e00000, 0x0000000606000000, 0x0000000606000000|100%| O|  |TAMS 0x0000000606000000, 0x0000000605e00000| Untracked 
|  21|0x0000000606000000, 0x0000000606200000, 0x0000000606200000|100%| O|  |TAMS 0x0000000606200000, 0x0000000606000000| Untracked 
|  22|0x0000000606200000, 0x0000000606400000, 0x0000000606400000|100%| O|  |TAMS 0x0000000606400000, 0x0000000606200000| Untracked 
|  23|0x0000000606400000, 0x0000000606600000, 0x0000000606600000|100%| O|  |TAMS 0x0000000606600000, 0x0000000606400000| Untracked 
|  24|0x0000000606600000, 0x0000000606800000, 0x0000000606800000|100%| O|  |TAMS 0x0000000606800000, 0x0000000606600000| Untracked 
|  25|0x0000000606800000, 0x0000000606a00000, 0x0000000606a00000|100%| O|  |TAMS 0x0000000606a00000, 0x0000000606800000| Untracked 
|  26|0x0000000606a00000, 0x0000000606c00000, 0x0000000606c00000|100%| O|  |TAMS 0x0000000606c00000, 0x0000000606a00000| Untracked 
|  27|0x0000000606c00000, 0x0000000606e00000, 0x0000000606e00000|100%| O|  |TAMS 0x0000000606e00000, 0x0000000606c00000| Untracked 
|  28|0x0000000606e00000, 0x0000000607000000, 0x0000000607000000|100%| O|  |TAMS 0x0000000607000000, 0x0000000606e00000| Untracked 
|  29|0x0000000607000000, 0x0000000607200000, 0x0000000607200000|100%| O|  |TAMS 0x0000000607200000, 0x0000000607000000| Untracked 
|  30|0x0000000607200000, 0x0000000607400000, 0x0000000607400000|100%| O|  |TAMS 0x0000000607400000, 0x0000000607200000| Untracked 
|  31|0x0000000607400000, 0x0000000607600000, 0x0000000607600000|100%| O|  |TAMS 0x0000000607600000, 0x0000000607400000| Untracked 
|  32|0x0000000607600000, 0x0000000607800000, 0x0000000607800000|100%| O|  |TAMS 0x0000000607800000, 0x0000000607600000| Untracked 
|  33|0x0000000607800000, 0x0000000607a00000, 0x0000000607a00000|100%| O|  |TAMS 0x0000000607a00000, 0x0000000607800000| Untracked 
|  34|0x0000000607a00000, 0x0000000607c00000, 0x0000000607c00000|100%| O|  |TAMS 0x0000000607c00000, 0x0000000607a00000| Untracked 
|  35|0x0000000607c00000, 0x0000000607e00000, 0x0000000607e00000|100%| O|  |TAMS 0x0000000607e00000, 0x0000000607c00000| Untracked 
|  36|0x0000000607e00000, 0x0000000608000000, 0x0000000608000000|100%| O|  |TAMS 0x0000000608000000, 0x0000000607e00000| Untracked 
|  37|0x0000000608000000, 0x0000000608200000, 0x0000000608200000|100%| O|  |TAMS 0x0000000608200000, 0x0000000608000000| Untracked 
|  38|0x0000000608200000, 0x0000000608400000, 0x0000000608400000|100%| O|  |TAMS 0x0000000608400000, 0x0000000608200000| Untracked 
|  39|0x0000000608400000, 0x0000000608600000, 0x0000000608600000|100%| O|  |TAMS 0x0000000608600000, 0x0000000608400000| Untracked 
|  40|0x0000000608600000, 0x0000000608800000, 0x0000000608800000|100%| O|  |TAMS 0x0000000608800000, 0x0000000608600000| Untracked 
|  41|0x0000000608800000, 0x0000000608a00000, 0x0000000608a00000|100%| O|  |TAMS 0x0000000608a00000, 0x0000000608800000| Untracked 
|  42|0x0000000608a00000, 0x0000000608c00000, 0x0000000608c00000|100%| O|  |TAMS 0x0000000608c00000, 0x0000000608a00000| Untracked 
|  43|0x0000000608c00000, 0x0000000608e00000, 0x0000000608e00000|100%| O|  |TAMS 0x0000000608e00000, 0x0000000608c00000| Untracked 
|  44|0x0000000608e00000, 0x0000000609000000, 0x0000000609000000|100%| O|  |TAMS 0x0000000609000000, 0x0000000608e00000| Untracked 
|  45|0x0000000609000000, 0x0000000609200000, 0x0000000609200000|100%| O|  |TAMS 0x0000000609200000, 0x0000000609000000| Untracked 
|  46|0x0000000609200000, 0x0000000609400000, 0x0000000609400000|100%| O|  |TAMS 0x0000000609400000, 0x0000000609200000| Untracked 
|  47|0x0000000609400000, 0x0000000609600000, 0x0000000609600000|100%| O|  |TAMS 0x0000000609600000, 0x0000000609400000| Untracked 
|  48|0x0000000609600000, 0x0000000609800000, 0x0000000609800000|100%| O|  |TAMS 0x0000000609800000, 0x0000000609600000| Untracked 
|  49|0x0000000609800000, 0x0000000609a00000, 0x0000000609a00000|100%| O|  |TAMS 0x0000000609a00000, 0x0000000609800000| Untracked 
|  50|0x0000000609a00000, 0x0000000609c00000, 0x0000000609c00000|100%| O|  |TAMS 0x0000000609c00000, 0x0000000609a00000| Untracked 
|  51|0x0000000609c00000, 0x0000000609e00000, 0x0000000609e00000|100%| O|  |TAMS 0x0000000609e00000, 0x0000000609c00000| Untracked 
|  52|0x0000000609e00000, 0x000000060a000000, 0x000000060a000000|100%| O|  |TAMS 0x000000060a000000, 0x0000000609e00000| Untracked 
|  53|0x000000060a000000, 0x000000060a200000, 0x000000060a200000|100%| O|  |TAMS 0x000000060a200000, 0x000000060a000000| Untracked 
|  54|0x000000060a200000, 0x000000060a400000, 0x000000060a400000|100%| O|  |TAMS 0x000000060a400000, 0x000000060a200000| Untracked 
|  55|0x000000060a400000, 0x000000060a600000, 0x000000060a600000|100%| O|  |TAMS 0x000000060a600000, 0x000000060a400000| Untracked 
|  56|0x000000060a600000, 0x000000060a800000, 0x000000060a800000|100%| O|  |TAMS 0x000000060a800000, 0x000000060a600000| Untracked 
|  57|0x000000060a800000, 0x000000060aa00000, 0x000000060aa00000|100%| O|  |TAMS 0x000000060aa00000, 0x000000060a800000| Untracked 
|  58|0x000000060aa00000, 0x000000060ac00000, 0x000000060ac00000|100%| O|  |TAMS 0x000000060ac00000, 0x000000060aa00000| Untracked 
|  59|0x000000060ac00000, 0x000000060ae00000, 0x000000060ae00000|100%| O|  |TAMS 0x000000060ae00000, 0x000000060ac00000| Untracked 
|  60|0x000000060ae00000, 0x000000060b000000, 0x000000060b000000|100%| O|  |TAMS 0x000000060b000000, 0x000000060ae00000| Untracked 
|  61|0x000000060b000000, 0x000000060b200000, 0x000000060b200000|100%| O|  |TAMS 0x000000060b200000, 0x000000060b000000| Untracked 
|  62|0x000000060b200000, 0x000000060b400000, 0x000000060b400000|100%| O|  |TAMS 0x000000060b400000, 0x000000060b200000| Untracked 
|  63|0x000000060b400000, 0x000000060b600000, 0x000000060b600000|100%| O|  |TAMS 0x000000060b600000, 0x000000060b400000| Untracked 
|  64|0x000000060b600000, 0x000000060b800000, 0x000000060b800000|100%| O|  |TAMS 0x000000060b800000, 0x000000060b600000| Untracked 
|  65|0x000000060b800000, 0x000000060ba00000, 0x000000060ba00000|100%| O|  |TAMS 0x000000060ba00000, 0x000000060b800000| Untracked 
|  66|0x000000060ba00000, 0x000000060bc00000, 0x000000060bc00000|100%| O|  |TAMS 0x000000060bc00000, 0x000000060ba00000| Untracked 
|  67|0x000000060bc00000, 0x000000060be00000, 0x000000060be00000|100%| O|  |TAMS 0x000000060be00000, 0x000000060bc00000| Untracked 
|  68|0x000000060be00000, 0x000000060c000000, 0x000000060c000000|100%| O|  |TAMS 0x000000060c000000, 0x000000060be00000| Untracked 
|  69|0x000000060c000000, 0x000000060c200000, 0x000000060c200000|100%| O|  |TAMS 0x000000060c200000, 0x000000060c000000| Untracked 
|  70|0x000000060c200000, 0x000000060c400000, 0x000000060c400000|100%| O|  |TAMS 0x000000060c400000, 0x000000060c200000| Untracked 
|  71|0x000000060c400000, 0x000000060c600000, 0x000000060c600000|100%| O|  |TAMS 0x000000060c600000, 0x000000060c400000| Untracked 
|  72|0x000000060c600000, 0x000000060c800000, 0x000000060c800000|100%| O|  |TAMS 0x000000060c681200, 0x000000060c600000| Untracked 
|  73|0x000000060c800000, 0x000000060ca00000, 0x000000060ca00000|100%| O|  |TAMS 0x000000060c800000, 0x000000060c800000| Untracked 
|  74|0x000000060ca00000, 0x000000060cc00000, 0x000000060cc00000|100%| O|  |TAMS 0x000000060ca00000, 0x000000060ca00000| Untracked 
|  75|0x000000060cc00000, 0x000000060ce00000, 0x000000060ce00000|100%| O|  |TAMS 0x000000060cc00000, 0x000000060cc00000| Untracked 
|  76|0x000000060ce00000, 0x000000060d000000, 0x000000060d000000|100%| O|  |TAMS 0x000000060ce00000, 0x000000060ce00000| Untracked 
|  77|0x000000060d000000, 0x000000060d200000, 0x000000060d200000|100%| O|  |TAMS 0x000000060d000000, 0x000000060d000000| Untracked 
|  78|0x000000060d200000, 0x000000060d400000, 0x000000060d400000|100%| O|  |TAMS 0x000000060d200000, 0x000000060d200000| Untracked 
|  79|0x000000060d400000, 0x000000060d600000, 0x000000060d600000|100%| O|  |TAMS 0x000000060d400000, 0x000000060d400000| Untracked 
|  80|0x000000060d600000, 0x000000060d800000, 0x000000060d800000|100%| O|  |TAMS 0x000000060d600000, 0x000000060d600000| Untracked 
|  81|0x000000060d800000, 0x000000060da00000, 0x000000060da00000|100%| O|  |TAMS 0x000000060d800000, 0x000000060d800000| Untracked 
|  82|0x000000060da00000, 0x000000060dc00000, 0x000000060dc00000|100%| O|  |TAMS 0x000000060da00000, 0x000000060da00000| Untracked 
|  83|0x000000060dc00000, 0x000000060de00000, 0x000000060de00000|100%| O|  |TAMS 0x000000060dc00000, 0x000000060dc00000| Untracked 
|  84|0x000000060de00000, 0x000000060e000000, 0x000000060e000000|100%| O|  |TAMS 0x000000060de00000, 0x000000060de00000| Untracked 
|  85|0x000000060e000000, 0x000000060e200000, 0x000000060e200000|100%| O|  |TAMS 0x000000060e000000, 0x000000060e000000| Untracked 
|  86|0x000000060e200000, 0x000000060e400000, 0x000000060e400000|100%| O|  |TAMS 0x000000060e200000, 0x000000060e200000| Untracked 
|  87|0x000000060e400000, 0x000000060e600000, 0x000000060e600000|100%| O|  |TAMS 0x000000060e400000, 0x000000060e400000| Untracked 
|  88|0x000000060e600000, 0x000000060e800000, 0x000000060e800000|100%| O|  |TAMS 0x000000060e600000, 0x000000060e600000| Untracked 
|  89|0x000000060e800000, 0x000000060ea00000, 0x000000060ea00000|100%| O|  |TAMS 0x000000060e800000, 0x000000060e800000| Untracked 
|  90|0x000000060ea00000, 0x000000060ec00000, 0x000000060ec00000|100%| O|  |TAMS 0x000000060ea00000, 0x000000060ea00000| Untracked 
|  91|0x000000060ec00000, 0x000000060ee00000, 0x000000060ee00000|100%| O|  |TAMS 0x000000060ec00000, 0x000000060ec00000| Untracked 
|  92|0x000000060ee00000, 0x000000060f000000, 0x000000060f000000|100%| O|  |TAMS 0x000000060ee00000, 0x000000060ee00000| Untracked 
|  93|0x000000060f000000, 0x000000060f200000, 0x000000060f200000|100%| O|  |TAMS 0x000000060f000000, 0x000000060f000000| Untracked 
|  94|0x000000060f200000, 0x000000060f400000, 0x000000060f400000|100%| O|  |TAMS 0x000000060f200000, 0x000000060f200000| Untracked 
|  95|0x000000060f400000, 0x000000060f600000, 0x000000060f600000|100%| O|  |TAMS 0x000000060f400000, 0x000000060f400000| Untracked 
|  96|0x000000060f600000, 0x000000060f800000, 0x000000060f800000|100%| O|  |TAMS 0x000000060f600000, 0x000000060f600000| Untracked 
|  97|0x000000060f800000, 0x000000060fa00000, 0x000000060fa00000|100%| O|  |TAMS 0x000000060f800000, 0x000000060f800000| Untracked 
|  98|0x000000060fa00000, 0x000000060fc00000, 0x000000060fc00000|100%| O|  |TAMS 0x000000060fa00000, 0x000000060fa00000| Untracked 
|  99|0x000000060fc00000, 0x000000060fe00000, 0x000000060fe00000|100%| O|  |TAMS 0x000000060fc00000, 0x000000060fc00000| Untracked 
| 100|0x000000060fe00000, 0x0000000610000000, 0x0000000610000000|100%| O|  |TAMS 0x000000060fe00000, 0x000000060fe00000| Untracked 
| 101|0x0000000610000000, 0x0000000610200000, 0x0000000610200000|100%| O|  |TAMS 0x0000000610000000, 0x0000000610000000| Untracked 
| 102|0x0000000610200000, 0x0000000610400000, 0x0000000610400000|100%| O|  |TAMS 0x0000000610200000, 0x0000000610200000| Untracked 
| 103|0x0000000610400000, 0x0000000610600000, 0x0000000610600000|100%| O|  |TAMS 0x0000000610400000, 0x0000000610400000| Untracked 
| 104|0x0000000610600000, 0x0000000610800000, 0x0000000610800000|100%| O|  |TAMS 0x0000000610600000, 0x0000000610600000| Untracked 
| 105|0x0000000610800000, 0x0000000610a00000, 0x0000000610a00000|100%| O|  |TAMS 0x0000000610800000, 0x0000000610800000| Untracked 
| 106|0x0000000610a00000, 0x0000000610c00000, 0x0000000610c00000|100%| O|  |TAMS 0x0000000610a00000, 0x0000000610a00000| Untracked 
| 107|0x0000000610c00000, 0x0000000610e00000, 0x0000000610e00000|100%| O|  |TAMS 0x0000000610c00000, 0x0000000610c00000| Untracked 
| 108|0x0000000610e00000, 0x0000000611000000, 0x0000000611000000|100%| O|  |TAMS 0x0000000610e00000, 0x0000000610e00000| Untracked 
| 109|0x0000000611000000, 0x0000000611200000, 0x0000000611200000|100%| O|  |TAMS 0x0000000611000000, 0x0000000611000000| Untracked 
| 110|0x0000000611200000, 0x0000000611400000, 0x0000000611400000|100%| O|  |TAMS 0x0000000611200000, 0x0000000611200000| Untracked 
| 111|0x0000000611400000, 0x0000000611600000, 0x0000000611600000|100%| O|  |TAMS 0x0000000611400000, 0x0000000611400000| Untracked 
| 112|0x0000000611600000, 0x0000000611800000, 0x0000000611800000|100%| O|  |TAMS 0x0000000611600000, 0x0000000611600000| Untracked 
| 113|0x0000000611800000, 0x0000000611a00000, 0x0000000611a00000|100%| O|  |TAMS 0x0000000611800000, 0x0000000611800000| Untracked 
| 114|0x0000000611a00000, 0x0000000611bdba00, 0x0000000611c00000| 92%| O|  |TAMS 0x0000000611a00000, 0x0000000611a00000| Untracked 
| 115|0x0000000611c00000, 0x0000000611c00000, 0x0000000611e00000|  0%| F|  |TAMS 0x0000000611c00000, 0x0000000611c00000| Untracked 
| 116|0x0000000611e00000, 0x0000000611e00000, 0x0000000612000000|  0%| F|  |TAMS 0x0000000611e00000, 0x0000000611e00000| Untracked 
| 117|0x0000000612000000, 0x0000000612000000, 0x0000000612200000|  0%| F|  |TAMS 0x0000000612000000, 0x0000000612000000| Untracked 
| 118|0x0000000612200000, 0x0000000612200000, 0x0000000612400000|  0%| F|  |TAMS 0x0000000612200000, 0x0000000612200000| Untracked 
| 119|0x0000000612400000, 0x0000000612400000, 0x0000000612600000|  0%| F|  |TAMS 0x0000000612400000, 0x0000000612400000| Untracked 
| 120|0x0000000612600000, 0x0000000612600000, 0x0000000612800000|  0%| F|  |TAMS 0x0000000612600000, 0x0000000612600000| Untracked 
| 121|0x0000000612800000, 0x0000000612800000, 0x0000000612a00000|  0%| F|  |TAMS 0x0000000612800000, 0x0000000612800000| Untracked 
| 122|0x0000000612a00000, 0x0000000612a00000, 0x0000000612c00000|  0%| F|  |TAMS 0x0000000612a00000, 0x0000000612a00000| Untracked 
| 123|0x0000000612c00000, 0x0000000612c00000, 0x0000000612e00000|  0%| F|  |TAMS 0x0000000612c00000, 0x0000000612c00000| Untracked 
| 124|0x0000000612e00000, 0x0000000612e00000, 0x0000000613000000|  0%| F|  |TAMS 0x0000000612e00000, 0x0000000612e00000| Untracked 
| 125|0x0000000613000000, 0x0000000613000000, 0x0000000613200000|  0%| F|  |TAMS 0x0000000613000000, 0x0000000613000000| Untracked 
| 126|0x0000000613200000, 0x0000000613200000, 0x0000000613400000|  0%| F|  |TAMS 0x0000000613200000, 0x0000000613200000| Untracked 
| 127|0x0000000613400000, 0x0000000613400000, 0x0000000613600000|  0%| F|  |TAMS 0x0000000613400000, 0x0000000613400000| Untracked 
| 128|0x0000000613600000, 0x0000000613600000, 0x0000000613800000|  0%| F|  |TAMS 0x0000000613600000, 0x0000000613600000| Untracked 
| 129|0x0000000613800000, 0x0000000613800000, 0x0000000613a00000|  0%| F|  |TAMS 0x0000000613800000, 0x0000000613800000| Untracked 
| 130|0x0000000613a00000, 0x0000000613a00000, 0x0000000613c00000|  0%| F|  |TAMS 0x0000000613a00000, 0x0000000613a00000| Untracked 
| 131|0x0000000613c00000, 0x0000000613c00000, 0x0000000613e00000|  0%| F|  |TAMS 0x0000000613c00000, 0x0000000613c00000| Untracked 
| 132|0x0000000613e00000, 0x0000000613e00000, 0x0000000614000000|  0%| F|  |TAMS 0x0000000613e00000, 0x0000000613e00000| Untracked 
| 133|0x0000000614000000, 0x0000000614000000, 0x0000000614200000|  0%| F|  |TAMS 0x0000000614000000, 0x0000000614000000| Untracked 
| 134|0x0000000614200000, 0x0000000614200000, 0x0000000614400000|  0%| F|  |TAMS 0x0000000614200000, 0x0000000614200000| Untracked 
| 135|0x0000000614400000, 0x0000000614400000, 0x0000000614600000|  0%| F|  |TAMS 0x0000000614400000, 0x0000000614400000| Untracked 
| 136|0x0000000614600000, 0x0000000614600000, 0x0000000614800000|  0%| F|  |TAMS 0x0000000614600000, 0x0000000614600000| Untracked 
| 137|0x0000000614800000, 0x0000000614800000, 0x0000000614a00000|  0%| F|  |TAMS 0x0000000614800000, 0x0000000614800000| Untracked 
| 138|0x0000000614a00000, 0x0000000614a00000, 0x0000000614c00000|  0%| F|  |TAMS 0x0000000614a00000, 0x0000000614a00000| Untracked 
| 139|0x0000000614c00000, 0x0000000614c00000, 0x0000000614e00000|  0%| F|  |TAMS 0x0000000614c00000, 0x0000000614c00000| Untracked 
| 140|0x0000000614e00000, 0x0000000614e00000, 0x0000000615000000|  0%| F|  |TAMS 0x0000000614e00000, 0x0000000614e00000| Untracked 
| 141|0x0000000615000000, 0x0000000615000000, 0x0000000615200000|  0%| F|  |TAMS 0x0000000615000000, 0x0000000615000000| Untracked 
| 142|0x0000000615200000, 0x0000000615200000, 0x0000000615400000|  0%| F|  |TAMS 0x0000000615200000, 0x0000000615200000| Untracked 
| 143|0x0000000615400000, 0x0000000615400000, 0x0000000615600000|  0%| F|  |TAMS 0x0000000615400000, 0x0000000615400000| Untracked 
| 144|0x0000000615600000, 0x0000000615600000, 0x0000000615800000|  0%| F|  |TAMS 0x0000000615600000, 0x0000000615600000| Untracked 
| 145|0x0000000615800000, 0x0000000615800000, 0x0000000615a00000|  0%| F|  |TAMS 0x0000000615800000, 0x0000000615800000| Untracked 
| 146|0x0000000615a00000, 0x0000000615a00000, 0x0000000615c00000|  0%| F|  |TAMS 0x0000000615a00000, 0x0000000615a00000| Untracked 
| 147|0x0000000615c00000, 0x0000000615c00000, 0x0000000615e00000|  0%| F|  |TAMS 0x0000000615c00000, 0x0000000615c00000| Untracked 
| 148|0x0000000615e00000, 0x0000000615e00000, 0x0000000616000000|  0%| F|  |TAMS 0x0000000615e00000, 0x0000000615e00000| Untracked 
| 149|0x0000000616000000, 0x0000000616000000, 0x0000000616200000|  0%| F|  |TAMS 0x0000000616000000, 0x0000000616000000| Untracked 
| 150|0x0000000616200000, 0x0000000616200000, 0x0000000616400000|  0%| F|  |TAMS 0x0000000616200000, 0x0000000616200000| Untracked 
| 151|0x0000000616400000, 0x0000000616400000, 0x0000000616600000|  0%| F|  |TAMS 0x0000000616400000, 0x0000000616400000| Untracked 
| 152|0x0000000616600000, 0x0000000616600000, 0x0000000616800000|  0%| F|  |TAMS 0x0000000616600000, 0x0000000616600000| Untracked 
| 153|0x0000000616800000, 0x0000000616800000, 0x0000000616a00000|  0%| F|  |TAMS 0x0000000616800000, 0x0000000616800000| Untracked 
| 154|0x0000000616a00000, 0x0000000616a00000, 0x0000000616c00000|  0%| F|  |TAMS 0x0000000616a00000, 0x0000000616a00000| Untracked 
| 155|0x0000000616c00000, 0x0000000616c00000, 0x0000000616e00000|  0%| F|  |TAMS 0x0000000616c00000, 0x0000000616c00000| Untracked 
| 156|0x0000000616e00000, 0x0000000616e00000, 0x0000000617000000|  0%| F|  |TAMS 0x0000000616e00000, 0x0000000616e00000| Untracked 
| 157|0x0000000617000000, 0x0000000617000000, 0x0000000617200000|  0%| F|  |TAMS 0x0000000617000000, 0x0000000617000000| Untracked 
| 158|0x0000000617200000, 0x0000000617200000, 0x0000000617400000|  0%| F|  |TAMS 0x0000000617200000, 0x0000000617200000| Untracked 
| 159|0x0000000617400000, 0x0000000617400000, 0x0000000617600000|  0%| F|  |TAMS 0x0000000617400000, 0x0000000617400000| Untracked 
| 160|0x0000000617600000, 0x0000000617600000, 0x0000000617800000|  0%| F|  |TAMS 0x0000000617600000, 0x0000000617600000| Untracked 
| 161|0x0000000617800000, 0x0000000617800000, 0x0000000617a00000|  0%| F|  |TAMS 0x0000000617800000, 0x0000000617800000| Untracked 
| 162|0x0000000617a00000, 0x0000000617a00000, 0x0000000617c00000|  0%| F|  |TAMS 0x0000000617a00000, 0x0000000617a00000| Untracked 
| 163|0x0000000617c00000, 0x0000000617c00000, 0x0000000617e00000|  0%| F|  |TAMS 0x0000000617c00000, 0x0000000617c00000| Untracked 
| 164|0x0000000617e00000, 0x0000000617e00000, 0x0000000618000000|  0%| F|  |TAMS 0x0000000617e00000, 0x0000000617e00000| Untracked 
| 165|0x0000000618000000, 0x0000000618000000, 0x0000000618200000|  0%| F|  |TAMS 0x0000000618000000, 0x0000000618000000| Untracked 
| 166|0x0000000618200000, 0x0000000618200000, 0x0000000618400000|  0%| F|  |TAMS 0x0000000618200000, 0x0000000618200000| Untracked 
| 167|0x0000000618400000, 0x00000006185da420, 0x0000000618600000| 92%| S|CS|TAMS 0x0000000618400000, 0x0000000618400000| Complete 
| 168|0x0000000618600000, 0x0000000618800000, 0x0000000618800000|100%| S|CS|TAMS 0x0000000618600000, 0x0000000618600000| Complete 
| 169|0x0000000618800000, 0x0000000618a00000, 0x0000000618a00000|100%| S|CS|TAMS 0x0000000618800000, 0x0000000618800000| Complete 
| 170|0x0000000618a00000, 0x0000000618c00000, 0x0000000618c00000|100%| S|CS|TAMS 0x0000000618a00000, 0x0000000618a00000| Complete 
| 171|0x0000000618c00000, 0x0000000618e00000, 0x0000000618e00000|100%| S|CS|TAMS 0x0000000618c00000, 0x0000000618c00000| Complete 
| 172|0x0000000618e00000, 0x0000000619000000, 0x0000000619000000|100%| S|CS|TAMS 0x0000000618e00000, 0x0000000618e00000| Complete 
| 173|0x0000000619000000, 0x0000000619200000, 0x0000000619200000|100%| S|CS|TAMS 0x0000000619000000, 0x0000000619000000| Complete 
| 174|0x0000000619200000, 0x0000000619400000, 0x0000000619400000|100%| S|CS|TAMS 0x0000000619200000, 0x0000000619200000| Complete 
| 175|0x0000000619400000, 0x0000000619600000, 0x0000000619600000|100%| S|CS|TAMS 0x0000000619400000, 0x0000000619400000| Complete 
| 176|0x0000000619600000, 0x0000000619800000, 0x0000000619800000|100%| S|CS|TAMS 0x0000000619600000, 0x0000000619600000| Complete 
| 177|0x0000000619800000, 0x0000000619a00000, 0x0000000619a00000|100%| S|CS|TAMS 0x0000000619800000, 0x0000000619800000| Complete 
| 178|0x0000000619a00000, 0x0000000619c00000, 0x0000000619c00000|100%| S|CS|TAMS 0x0000000619a00000, 0x0000000619a00000| Complete 
| 179|0x0000000619c00000, 0x0000000619e00000, 0x0000000619e00000|100%| S|CS|TAMS 0x0000000619c00000, 0x0000000619c00000| Complete 
| 180|0x0000000619e00000, 0x000000061a000000, 0x000000061a000000|100%| S|CS|TAMS 0x0000000619e00000, 0x0000000619e00000| Complete 
| 181|0x000000061a000000, 0x000000061a200000, 0x000000061a200000|100%| S|CS|TAMS 0x000000061a000000, 0x000000061a000000| Complete 
| 182|0x000000061a200000, 0x000000061a200000, 0x000000061a400000|  0%| F|  |TAMS 0x000000061a200000, 0x000000061a200000| Untracked 
| 183|0x000000061a400000, 0x000000061a400000, 0x000000061a600000|  0%| F|  |TAMS 0x000000061a400000, 0x000000061a400000| Untracked 
| 184|0x000000061a600000, 0x000000061a600000, 0x000000061a800000|  0%| F|  |TAMS 0x000000061a600000, 0x000000061a600000| Untracked 
| 185|0x000000061a800000, 0x000000061a800000, 0x000000061aa00000|  0%| F|  |TAMS 0x000000061a800000, 0x000000061a800000| Untracked 
| 186|0x000000061aa00000, 0x000000061aa00000, 0x000000061ac00000|  0%| F|  |TAMS 0x000000061aa00000, 0x000000061aa00000| Untracked 
| 187|0x000000061ac00000, 0x000000061ac00000, 0x000000061ae00000|  0%| F|  |TAMS 0x000000061ac00000, 0x000000061ac00000| Untracked 
| 188|0x000000061ae00000, 0x000000061ae00000, 0x000000061b000000|  0%| F|  |TAMS 0x000000061ae00000, 0x000000061ae00000| Untracked 
| 189|0x000000061b000000, 0x000000061b000000, 0x000000061b200000|  0%| F|  |TAMS 0x000000061b000000, 0x000000061b000000| Untracked 
| 190|0x000000061b200000, 0x000000061b200000, 0x000000061b400000|  0%| F|  |TAMS 0x000000061b200000, 0x000000061b200000| Untracked 
| 191|0x000000061b400000, 0x000000061b400000, 0x000000061b600000|  0%| F|  |TAMS 0x000000061b400000, 0x000000061b400000| Untracked 
| 192|0x000000061b600000, 0x000000061b600000, 0x000000061b800000|  0%| F|  |TAMS 0x000000061b600000, 0x000000061b600000| Untracked 
| 193|0x000000061b800000, 0x000000061b800000, 0x000000061ba00000|  0%| F|  |TAMS 0x000000061b800000, 0x000000061b800000| Untracked 
| 194|0x000000061ba00000, 0x000000061ba00000, 0x000000061bc00000|  0%| F|  |TAMS 0x000000061ba00000, 0x000000061ba00000| Untracked 
| 195|0x000000061bc00000, 0x000000061bc00000, 0x000000061be00000|  0%| F|  |TAMS 0x000000061bc00000, 0x000000061bc00000| Untracked 
| 196|0x000000061be00000, 0x000000061be00000, 0x000000061c000000|  0%| F|  |TAMS 0x000000061be00000, 0x000000061be00000| Untracked 
| 197|0x000000061c000000, 0x000000061c000000, 0x000000061c200000|  0%| F|  |TAMS 0x000000061c000000, 0x000000061c000000| Untracked 
| 198|0x000000061c200000, 0x000000061c200000, 0x000000061c400000|  0%| F|  |TAMS 0x000000061c200000, 0x000000061c200000| Untracked 
| 199|0x000000061c400000, 0x000000061c400000, 0x000000061c600000|  0%| F|  |TAMS 0x000000061c400000, 0x000000061c400000| Untracked 
| 200|0x000000061c600000, 0x000000061c600000, 0x000000061c800000|  0%| F|  |TAMS 0x000000061c600000, 0x000000061c600000| Untracked 
| 201|0x000000061c800000, 0x000000061c800000, 0x000000061ca00000|  0%| F|  |TAMS 0x000000061c800000, 0x000000061c800000| Untracked 
| 202|0x000000061ca00000, 0x000000061ca00000, 0x000000061cc00000|  0%| F|  |TAMS 0x000000061ca00000, 0x000000061ca00000| Untracked 
| 203|0x000000061cc00000, 0x000000061cc00000, 0x000000061ce00000|  0%| F|  |TAMS 0x000000061cc00000, 0x000000061cc00000| Untracked 
| 204|0x000000061ce00000, 0x000000061ce00000, 0x000000061d000000|  0%| F|  |TAMS 0x000000061ce00000, 0x000000061ce00000| Untracked 
| 205|0x000000061d000000, 0x000000061d000000, 0x000000061d200000|  0%| F|  |TAMS 0x000000061d000000, 0x000000061d000000| Untracked 
| 206|0x000000061d200000, 0x000000061d200000, 0x000000061d400000|  0%| F|  |TAMS 0x000000061d200000, 0x000000061d200000| Untracked 
| 207|0x000000061d400000, 0x000000061d400000, 0x000000061d600000|  0%| F|  |TAMS 0x000000061d400000, 0x000000061d400000| Untracked 
| 208|0x000000061d600000, 0x000000061d600000, 0x000000061d800000|  0%| F|  |TAMS 0x000000061d600000, 0x000000061d600000| Untracked 
| 209|0x000000061d800000, 0x000000061d800000, 0x000000061da00000|  0%| F|  |TAMS 0x000000061d800000, 0x000000061d800000| Untracked 
| 210|0x000000061da00000, 0x000000061da00000, 0x000000061dc00000|  0%| F|  |TAMS 0x000000061da00000, 0x000000061da00000| Untracked 
| 211|0x000000061dc00000, 0x000000061dc00000, 0x000000061de00000|  0%| F|  |TAMS 0x000000061dc00000, 0x000000061dc00000| Untracked 
| 212|0x000000061de00000, 0x000000061de00000, 0x000000061e000000|  0%| F|  |TAMS 0x000000061de00000, 0x000000061de00000| Untracked 
| 213|0x000000061e000000, 0x000000061e000000, 0x000000061e200000|  0%| F|  |TAMS 0x000000061e000000, 0x000000061e000000| Untracked 
| 214|0x000000061e200000, 0x000000061e200000, 0x000000061e400000|  0%| F|  |TAMS 0x000000061e200000, 0x000000061e200000| Untracked 
| 215|0x000000061e400000, 0x000000061e400000, 0x000000061e600000|  0%| F|  |TAMS 0x000000061e400000, 0x000000061e400000| Untracked 
| 216|0x000000061e600000, 0x000000061e600000, 0x000000061e800000|  0%| F|  |TAMS 0x000000061e600000, 0x000000061e600000| Untracked 
| 217|0x000000061e800000, 0x000000061e800000, 0x000000061ea00000|  0%| F|  |TAMS 0x000000061e800000, 0x000000061e800000| Untracked 
| 218|0x000000061ea00000, 0x000000061ea00000, 0x000000061ec00000|  0%| F|  |TAMS 0x000000061ea00000, 0x000000061ea00000| Untracked 
| 219|0x000000061ec00000, 0x000000061ec00000, 0x000000061ee00000|  0%| F|  |TAMS 0x000000061ec00000, 0x000000061ec00000| Untracked 
| 220|0x000000061ee00000, 0x000000061ee00000, 0x000000061f000000|  0%| F|  |TAMS 0x000000061ee00000, 0x000000061ee00000| Untracked 
| 221|0x000000061f000000, 0x000000061f000000, 0x000000061f200000|  0%| F|  |TAMS 0x000000061f000000, 0x000000061f000000| Untracked 
| 222|0x000000061f200000, 0x000000061f200000, 0x000000061f400000|  0%| F|  |TAMS 0x000000061f200000, 0x000000061f200000| Untracked 
| 223|0x000000061f400000, 0x000000061f400000, 0x000000061f600000|  0%| F|  |TAMS 0x000000061f400000, 0x000000061f400000| Untracked 
| 224|0x000000061f600000, 0x000000061f600000, 0x000000061f800000|  0%| F|  |TAMS 0x000000061f600000, 0x000000061f600000| Untracked 
| 225|0x000000061f800000, 0x000000061f800000, 0x000000061fa00000|  0%| F|  |TAMS 0x000000061f800000, 0x000000061f800000| Untracked 
| 226|0x000000061fa00000, 0x000000061fa00000, 0x000000061fc00000|  0%| F|  |TAMS 0x000000061fa00000, 0x000000061fa00000| Untracked 
| 227|0x000000061fc00000, 0x000000061fc00000, 0x000000061fe00000|  0%| F|  |TAMS 0x000000061fc00000, 0x000000061fc00000| Untracked 
| 228|0x000000061fe00000, 0x000000061fe00000, 0x0000000620000000|  0%| F|  |TAMS 0x000000061fe00000, 0x000000061fe00000| Untracked 
| 229|0x0000000620000000, 0x0000000620000000, 0x0000000620200000|  0%| F|  |TAMS 0x0000000620000000, 0x0000000620000000| Untracked 
| 230|0x0000000620200000, 0x0000000620200000, 0x0000000620400000|  0%| F|  |TAMS 0x0000000620200000, 0x0000000620200000| Untracked 
| 231|0x0000000620400000, 0x0000000620400000, 0x0000000620600000|  0%| F|  |TAMS 0x0000000620400000, 0x0000000620400000| Untracked 
| 232|0x0000000620600000, 0x0000000620600000, 0x0000000620800000|  0%| F|  |TAMS 0x0000000620600000, 0x0000000620600000| Untracked 
| 233|0x0000000620800000, 0x0000000620800000, 0x0000000620a00000|  0%| F|  |TAMS 0x0000000620800000, 0x0000000620800000| Untracked 
| 234|0x0000000620a00000, 0x0000000620a00000, 0x0000000620c00000|  0%| F|  |TAMS 0x0000000620a00000, 0x0000000620a00000| Untracked 
| 235|0x0000000620c00000, 0x0000000620c00000, 0x0000000620e00000|  0%| F|  |TAMS 0x0000000620c00000, 0x0000000620c00000| Untracked 
| 236|0x0000000620e00000, 0x0000000620e00000, 0x0000000621000000|  0%| F|  |TAMS 0x0000000620e00000, 0x0000000620e00000| Untracked 
| 237|0x0000000621000000, 0x0000000621000000, 0x0000000621200000|  0%| F|  |TAMS 0x0000000621000000, 0x0000000621000000| Untracked 
| 238|0x0000000621200000, 0x0000000621200000, 0x0000000621400000|  0%| F|  |TAMS 0x0000000621200000, 0x0000000621200000| Untracked 
| 239|0x0000000621400000, 0x0000000621400000, 0x0000000621600000|  0%| F|  |TAMS 0x0000000621400000, 0x0000000621400000| Untracked 
| 240|0x0000000621600000, 0x0000000621600000, 0x0000000621800000|  0%| F|  |TAMS 0x0000000621600000, 0x0000000621600000| Untracked 
| 241|0x0000000621800000, 0x0000000621800000, 0x0000000621a00000|  0%| F|  |TAMS 0x0000000621800000, 0x0000000621800000| Untracked 
| 242|0x0000000621a00000, 0x0000000621a00000, 0x0000000621c00000|  0%| F|  |TAMS 0x0000000621a00000, 0x0000000621a00000| Untracked 
| 243|0x0000000621c00000, 0x0000000621c00000, 0x0000000621e00000|  0%| F|  |TAMS 0x0000000621c00000, 0x0000000621c00000| Untracked 
| 244|0x0000000621e00000, 0x0000000621e00000, 0x0000000622000000|  0%| F|  |TAMS 0x0000000621e00000, 0x0000000621e00000| Untracked 
| 245|0x0000000622000000, 0x0000000622000000, 0x0000000622200000|  0%| F|  |TAMS 0x0000000622000000, 0x0000000622000000| Untracked 
| 246|0x0000000622200000, 0x0000000622200000, 0x0000000622400000|  0%| F|  |TAMS 0x0000000622200000, 0x0000000622200000| Untracked 
| 247|0x0000000622400000, 0x0000000622400000, 0x0000000622600000|  0%| F|  |TAMS 0x0000000622400000, 0x0000000622400000| Untracked 
| 248|0x0000000622600000, 0x0000000622600000, 0x0000000622800000|  0%| F|  |TAMS 0x0000000622600000, 0x0000000622600000| Untracked 
| 249|0x0000000622800000, 0x0000000622800000, 0x0000000622a00000|  0%| F|  |TAMS 0x0000000622800000, 0x0000000622800000| Untracked 
| 250|0x0000000622a00000, 0x0000000622a00000, 0x0000000622c00000|  0%| F|  |TAMS 0x0000000622a00000, 0x0000000622a00000| Untracked 
| 251|0x0000000622c00000, 0x0000000622c00000, 0x0000000622e00000|  0%| F|  |TAMS 0x0000000622c00000, 0x0000000622c00000| Untracked 
| 252|0x0000000622e00000, 0x0000000622e00000, 0x0000000623000000|  0%| F|  |TAMS 0x0000000622e00000, 0x0000000622e00000| Untracked 
| 253|0x0000000623000000, 0x0000000623000000, 0x0000000623200000|  0%| F|  |TAMS 0x0000000623000000, 0x0000000623000000| Untracked 
| 254|0x0000000623200000, 0x0000000623200000, 0x0000000623400000|  0%| F|  |TAMS 0x0000000623200000, 0x0000000623200000| Untracked 
| 255|0x0000000623400000, 0x0000000623400000, 0x0000000623600000|  0%| F|  |TAMS 0x0000000623400000, 0x0000000623400000| Untracked 
| 256|0x0000000623600000, 0x0000000623600000, 0x0000000623800000|  0%| F|  |TAMS 0x0000000623600000, 0x0000000623600000| Untracked 
| 257|0x0000000623800000, 0x0000000623800000, 0x0000000623a00000|  0%| F|  |TAMS 0x0000000623800000, 0x0000000623800000| Untracked 
| 258|0x0000000623a00000, 0x0000000623a00000, 0x0000000623c00000|  0%| F|  |TAMS 0x0000000623a00000, 0x0000000623a00000| Untracked 
| 259|0x0000000623c00000, 0x0000000623c00000, 0x0000000623e00000|  0%| F|  |TAMS 0x0000000623c00000, 0x0000000623c00000| Untracked 
| 260|0x0000000623e00000, 0x0000000623e00000, 0x0000000624000000|  0%| F|  |TAMS 0x0000000623e00000, 0x0000000623e00000| Untracked 
| 261|0x0000000624000000, 0x0000000624000000, 0x0000000624200000|  0%| F|  |TAMS 0x0000000624000000, 0x0000000624000000| Untracked 
| 262|0x0000000624200000, 0x0000000624200000, 0x0000000624400000|  0%| F|  |TAMS 0x0000000624200000, 0x0000000624200000| Untracked 
| 263|0x0000000624400000, 0x0000000624400000, 0x0000000624600000|  0%| F|  |TAMS 0x0000000624400000, 0x0000000624400000| Untracked 
| 264|0x0000000624600000, 0x0000000624600000, 0x0000000624800000|  0%| F|  |TAMS 0x0000000624600000, 0x0000000624600000| Untracked 
| 265|0x0000000624800000, 0x0000000624800000, 0x0000000624a00000|  0%| F|  |TAMS 0x0000000624800000, 0x0000000624800000| Untracked 
| 266|0x0000000624a00000, 0x0000000624a00000, 0x0000000624c00000|  0%| F|  |TAMS 0x0000000624a00000, 0x0000000624a00000| Untracked 
| 267|0x0000000624c00000, 0x0000000624c00000, 0x0000000624e00000|  0%| F|  |TAMS 0x0000000624c00000, 0x0000000624c00000| Untracked 
| 268|0x0000000624e00000, 0x0000000624e00000, 0x0000000625000000|  0%| F|  |TAMS 0x0000000624e00000, 0x0000000624e00000| Untracked 
| 269|0x0000000625000000, 0x0000000625000000, 0x0000000625200000|  0%| F|  |TAMS 0x0000000625000000, 0x0000000625000000| Untracked 
| 270|0x0000000625200000, 0x0000000625200000, 0x0000000625400000|  0%| F|  |TAMS 0x0000000625200000, 0x0000000625200000| Untracked 
| 271|0x0000000625400000, 0x0000000625400000, 0x0000000625600000|  0%| F|  |TAMS 0x0000000625400000, 0x0000000625400000| Untracked 
| 272|0x0000000625600000, 0x0000000625600000, 0x0000000625800000|  0%| F|  |TAMS 0x0000000625600000, 0x0000000625600000| Untracked 
| 273|0x0000000625800000, 0x0000000625800000, 0x0000000625a00000|  0%| F|  |TAMS 0x0000000625800000, 0x0000000625800000| Untracked 
| 274|0x0000000625a00000, 0x0000000625a00000, 0x0000000625c00000|  0%| F|  |TAMS 0x0000000625a00000, 0x0000000625a00000| Untracked 
| 275|0x0000000625c00000, 0x0000000625c00000, 0x0000000625e00000|  0%| F|  |TAMS 0x0000000625c00000, 0x0000000625c00000| Untracked 
| 276|0x0000000625e00000, 0x0000000625e00000, 0x0000000626000000|  0%| F|  |TAMS 0x0000000625e00000, 0x0000000625e00000| Untracked 
| 277|0x0000000626000000, 0x0000000626000000, 0x0000000626200000|  0%| F|  |TAMS 0x0000000626000000, 0x0000000626000000| Untracked 
| 278|0x0000000626200000, 0x0000000626200000, 0x0000000626400000|  0%| F|  |TAMS 0x0000000626200000, 0x0000000626200000| Untracked 
| 279|0x0000000626400000, 0x0000000626400000, 0x0000000626600000|  0%| F|  |TAMS 0x0000000626400000, 0x0000000626400000| Untracked 
| 280|0x0000000626600000, 0x0000000626600000, 0x0000000626800000|  0%| F|  |TAMS 0x0000000626600000, 0x0000000626600000| Untracked 
| 281|0x0000000626800000, 0x0000000626800000, 0x0000000626a00000|  0%| F|  |TAMS 0x0000000626800000, 0x0000000626800000| Untracked 
| 282|0x0000000626a00000, 0x0000000626a00000, 0x0000000626c00000|  0%| F|  |TAMS 0x0000000626a00000, 0x0000000626a00000| Untracked 
| 283|0x0000000626c00000, 0x0000000626c00000, 0x0000000626e00000|  0%| F|  |TAMS 0x0000000626c00000, 0x0000000626c00000| Untracked 
| 284|0x0000000626e00000, 0x0000000626e00000, 0x0000000627000000|  0%| F|  |TAMS 0x0000000626e00000, 0x0000000626e00000| Untracked 
| 285|0x0000000627000000, 0x0000000627000000, 0x0000000627200000|  0%| F|  |TAMS 0x0000000627000000, 0x0000000627000000| Untracked 
| 286|0x0000000627200000, 0x0000000627200000, 0x0000000627400000|  0%| F|  |TAMS 0x0000000627200000, 0x0000000627200000| Untracked 
| 287|0x0000000627400000, 0x0000000627400000, 0x0000000627600000|  0%| F|  |TAMS 0x0000000627400000, 0x0000000627400000| Untracked 
| 288|0x0000000627600000, 0x0000000627600000, 0x0000000627800000|  0%| F|  |TAMS 0x0000000627600000, 0x0000000627600000| Untracked 
| 289|0x0000000627800000, 0x0000000627800000, 0x0000000627a00000|  0%| F|  |TAMS 0x0000000627800000, 0x0000000627800000| Untracked 
| 290|0x0000000627a00000, 0x0000000627a00000, 0x0000000627c00000|  0%| F|  |TAMS 0x0000000627a00000, 0x0000000627a00000| Untracked 
| 291|0x0000000627c00000, 0x0000000627c00000, 0x0000000627e00000|  0%| F|  |TAMS 0x0000000627c00000, 0x0000000627c00000| Untracked 
| 292|0x0000000627e00000, 0x0000000627e00000, 0x0000000628000000|  0%| F|  |TAMS 0x0000000627e00000, 0x0000000627e00000| Untracked 
| 293|0x0000000628000000, 0x0000000628000000, 0x0000000628200000|  0%| F|  |TAMS 0x0000000628000000, 0x0000000628000000| Untracked 
| 294|0x0000000628200000, 0x0000000628200000, 0x0000000628400000|  0%| F|  |TAMS 0x0000000628200000, 0x0000000628200000| Untracked 
| 295|0x0000000628400000, 0x0000000628400000, 0x0000000628600000|  0%| F|  |TAMS 0x0000000628400000, 0x0000000628400000| Untracked 
| 296|0x0000000628600000, 0x0000000628600000, 0x0000000628800000|  0%| F|  |TAMS 0x0000000628600000, 0x0000000628600000| Untracked 
| 297|0x0000000628800000, 0x0000000628800000, 0x0000000628a00000|  0%| F|  |TAMS 0x0000000628800000, 0x0000000628800000| Untracked 
| 298|0x0000000628a00000, 0x0000000628a00000, 0x0000000628c00000|  0%| F|  |TAMS 0x0000000628a00000, 0x0000000628a00000| Untracked 
| 299|0x0000000628c00000, 0x0000000628c00000, 0x0000000628e00000|  0%| F|  |TAMS 0x0000000628c00000, 0x0000000628c00000| Untracked 
| 300|0x0000000628e00000, 0x0000000628e00000, 0x0000000629000000|  0%| F|  |TAMS 0x0000000628e00000, 0x0000000628e00000| Untracked 
| 301|0x0000000629000000, 0x0000000629000000, 0x0000000629200000|  0%| F|  |TAMS 0x0000000629000000, 0x0000000629000000| Untracked 
| 302|0x0000000629200000, 0x0000000629200000, 0x0000000629400000|  0%| F|  |TAMS 0x0000000629200000, 0x0000000629200000| Untracked 
| 303|0x0000000629400000, 0x0000000629400000, 0x0000000629600000|  0%| F|  |TAMS 0x0000000629400000, 0x0000000629400000| Untracked 
| 304|0x0000000629600000, 0x0000000629600000, 0x0000000629800000|  0%| F|  |TAMS 0x0000000629600000, 0x0000000629600000| Untracked 
| 305|0x0000000629800000, 0x0000000629800000, 0x0000000629a00000|  0%| F|  |TAMS 0x0000000629800000, 0x0000000629800000| Untracked 
| 306|0x0000000629a00000, 0x0000000629a00000, 0x0000000629c00000|  0%| F|  |TAMS 0x0000000629a00000, 0x0000000629a00000| Untracked 
| 307|0x0000000629c00000, 0x0000000629c00000, 0x0000000629e00000|  0%| F|  |TAMS 0x0000000629c00000, 0x0000000629c00000| Untracked 
| 308|0x0000000629e00000, 0x0000000629e00000, 0x000000062a000000|  0%| F|  |TAMS 0x0000000629e00000, 0x0000000629e00000| Untracked 
| 309|0x000000062a000000, 0x000000062a000000, 0x000000062a200000|  0%| F|  |TAMS 0x000000062a000000, 0x000000062a000000| Untracked 
| 310|0x000000062a200000, 0x000000062a200000, 0x000000062a400000|  0%| F|  |TAMS 0x000000062a200000, 0x000000062a200000| Untracked 
| 311|0x000000062a400000, 0x000000062a400000, 0x000000062a600000|  0%| F|  |TAMS 0x000000062a400000, 0x000000062a400000| Untracked 
| 312|0x000000062a600000, 0x000000062a600000, 0x000000062a800000|  0%| F|  |TAMS 0x000000062a600000, 0x000000062a600000| Untracked 
| 313|0x000000062a800000, 0x000000062a800000, 0x000000062aa00000|  0%| F|  |TAMS 0x000000062a800000, 0x000000062a800000| Untracked 
| 314|0x000000062aa00000, 0x000000062aa00000, 0x000000062ac00000|  0%| F|  |TAMS 0x000000062aa00000, 0x000000062aa00000| Untracked 
| 315|0x000000062ac00000, 0x000000062ac00000, 0x000000062ae00000|  0%| F|  |TAMS 0x000000062ac00000, 0x000000062ac00000| Untracked 
| 316|0x000000062ae00000, 0x000000062ae00000, 0x000000062b000000|  0%| F|  |TAMS 0x000000062ae00000, 0x000000062ae00000| Untracked 
| 317|0x000000062b000000, 0x000000062b000000, 0x000000062b200000|  0%| F|  |TAMS 0x000000062b000000, 0x000000062b000000| Untracked 
| 318|0x000000062b200000, 0x000000062b200000, 0x000000062b400000|  0%| F|  |TAMS 0x000000062b200000, 0x000000062b200000| Untracked 
| 319|0x000000062b400000, 0x000000062b400000, 0x000000062b600000|  0%| F|  |TAMS 0x000000062b400000, 0x000000062b400000| Untracked 
| 320|0x000000062b600000, 0x000000062b600000, 0x000000062b800000|  0%| F|  |TAMS 0x000000062b600000, 0x000000062b600000| Untracked 
| 321|0x000000062b800000, 0x000000062b800000, 0x000000062ba00000|  0%| F|  |TAMS 0x000000062b800000, 0x000000062b800000| Untracked 
| 322|0x000000062ba00000, 0x000000062ba00000, 0x000000062bc00000|  0%| F|  |TAMS 0x000000062ba00000, 0x000000062ba00000| Untracked 
| 323|0x000000062bc00000, 0x000000062bc00000, 0x000000062be00000|  0%| F|  |TAMS 0x000000062bc00000, 0x000000062bc00000| Untracked 
| 324|0x000000062be00000, 0x000000062be00000, 0x000000062c000000|  0%| F|  |TAMS 0x000000062be00000, 0x000000062be00000| Untracked 
| 325|0x000000062c000000, 0x000000062c000000, 0x000000062c200000|  0%| F|  |TAMS 0x000000062c000000, 0x000000062c000000| Untracked 
| 326|0x000000062c200000, 0x000000062c200000, 0x000000062c400000|  0%| F|  |TAMS 0x000000062c200000, 0x000000062c200000| Untracked 
| 327|0x000000062c400000, 0x000000062c400000, 0x000000062c600000|  0%| F|  |TAMS 0x000000062c400000, 0x000000062c400000| Untracked 
| 328|0x000000062c600000, 0x000000062c700800, 0x000000062c800000| 50%| E|  |TAMS 0x000000062c600000, 0x000000062c600000| Complete 
| 329|0x000000062c800000, 0x000000062ca00000, 0x000000062ca00000|100%| E|CS|TAMS 0x000000062c800000, 0x000000062c800000| Complete 
| 330|0x000000062ca00000, 0x000000062cc00000, 0x000000062cc00000|100%| E|CS|TAMS 0x000000062ca00000, 0x000000062ca00000| Complete 
| 331|0x000000062cc00000, 0x000000062ce00000, 0x000000062ce00000|100%| E|CS|TAMS 0x000000062cc00000, 0x000000062cc00000| Complete 
| 332|0x000000062ce00000, 0x000000062d000000, 0x000000062d000000|100%| E|CS|TAMS 0x000000062ce00000, 0x000000062ce00000| Complete 
| 333|0x000000062d000000, 0x000000062d200000, 0x000000062d200000|100%| E|CS|TAMS 0x000000062d000000, 0x000000062d000000| Complete 
| 334|0x000000062d200000, 0x000000062d400000, 0x000000062d400000|100%| E|CS|TAMS 0x000000062d200000, 0x000000062d200000| Complete 
| 335|0x000000062d400000, 0x000000062d600000, 0x000000062d600000|100%| E|CS|TAMS 0x000000062d400000, 0x000000062d400000| Complete 
| 336|0x000000062d600000, 0x000000062d800000, 0x000000062d800000|100%| E|CS|TAMS 0x000000062d600000, 0x000000062d600000| Complete 
| 337|0x000000062d800000, 0x000000062da00000, 0x000000062da00000|100%| E|CS|TAMS 0x000000062d800000, 0x000000062d800000| Complete 
| 338|0x000000062da00000, 0x000000062dc00000, 0x000000062dc00000|100%| E|CS|TAMS 0x000000062da00000, 0x000000062da00000| Complete 
| 339|0x000000062dc00000, 0x000000062de00000, 0x000000062de00000|100%| E|CS|TAMS 0x000000062dc00000, 0x000000062dc00000| Complete 
| 340|0x000000062de00000, 0x000000062e000000, 0x000000062e000000|100%| E|CS|TAMS 0x000000062de00000, 0x000000062de00000| Complete 
| 341|0x000000062e000000, 0x000000062e200000, 0x000000062e200000|100%| E|CS|TAMS 0x000000062e000000, 0x000000062e000000| Complete 
| 342|0x000000062e200000, 0x000000062e400000, 0x000000062e400000|100%| E|CS|TAMS 0x000000062e200000, 0x000000062e200000| Complete 
| 343|0x000000062e400000, 0x000000062e600000, 0x000000062e600000|100%| E|CS|TAMS 0x000000062e400000, 0x000000062e400000| Complete 
| 344|0x000000062e600000, 0x000000062e800000, 0x000000062e800000|100%| E|CS|TAMS 0x000000062e600000, 0x000000062e600000| Complete 
| 345|0x000000062e800000, 0x000000062ea00000, 0x000000062ea00000|100%| E|CS|TAMS 0x000000062e800000, 0x000000062e800000| Complete 
| 346|0x000000062ea00000, 0x000000062ec00000, 0x000000062ec00000|100%| E|CS|TAMS 0x000000062ea00000, 0x000000062ea00000| Complete 
| 347|0x000000062ec00000, 0x000000062ee00000, 0x000000062ee00000|100%| E|CS|TAMS 0x000000062ec00000, 0x000000062ec00000| Complete 
| 348|0x000000062ee00000, 0x000000062f000000, 0x000000062f000000|100%| E|CS|TAMS 0x000000062ee00000, 0x000000062ee00000| Complete 
| 349|0x000000062f000000, 0x000000062f200000, 0x000000062f200000|100%| E|CS|TAMS 0x000000062f000000, 0x000000062f000000| Complete 
| 350|0x000000062f200000, 0x000000062f400000, 0x000000062f400000|100%| E|CS|TAMS 0x000000062f200000, 0x000000062f200000| Complete 
| 351|0x000000062f400000, 0x000000062f600000, 0x000000062f600000|100%| E|CS|TAMS 0x000000062f400000, 0x000000062f400000| Complete 
| 352|0x000000062f600000, 0x000000062f800000, 0x000000062f800000|100%| E|CS|TAMS 0x000000062f600000, 0x000000062f600000| Complete 
| 353|0x000000062f800000, 0x000000062fa00000, 0x000000062fa00000|100%| E|CS|TAMS 0x000000062f800000, 0x000000062f800000| Complete 
| 354|0x000000062fa00000, 0x000000062fc00000, 0x000000062fc00000|100%| E|CS|TAMS 0x000000062fa00000, 0x000000062fa00000| Complete 
| 355|0x000000062fc00000, 0x000000062fe00000, 0x000000062fe00000|100%| E|CS|TAMS 0x000000062fc00000, 0x000000062fc00000| Complete 
| 356|0x000000062fe00000, 0x0000000630000000, 0x0000000630000000|100%| E|CS|TAMS 0x000000062fe00000, 0x000000062fe00000| Complete 
| 357|0x0000000630000000, 0x0000000630200000, 0x0000000630200000|100%| E|CS|TAMS 0x0000000630000000, 0x0000000630000000| Complete 
| 358|0x0000000630200000, 0x0000000630400000, 0x0000000630400000|100%| E|CS|TAMS 0x0000000630200000, 0x0000000630200000| Complete 
| 359|0x0000000630400000, 0x0000000630600000, 0x0000000630600000|100%| E|CS|TAMS 0x0000000630400000, 0x0000000630400000| Complete 
| 360|0x0000000630600000, 0x0000000630800000, 0x0000000630800000|100%| E|CS|TAMS 0x0000000630600000, 0x0000000630600000| Complete 
| 361|0x0000000630800000, 0x0000000630a00000, 0x0000000630a00000|100%| E|CS|TAMS 0x0000000630800000, 0x0000000630800000| Complete 
| 362|0x0000000630a00000, 0x0000000630c00000, 0x0000000630c00000|100%| E|CS|TAMS 0x0000000630a00000, 0x0000000630a00000| Complete 
| 363|0x0000000630c00000, 0x0000000630e00000, 0x0000000630e00000|100%| E|CS|TAMS 0x0000000630c00000, 0x0000000630c00000| Complete 
| 364|0x0000000630e00000, 0x0000000631000000, 0x0000000631000000|100%| E|CS|TAMS 0x0000000630e00000, 0x0000000630e00000| Complete 
| 365|0x0000000631000000, 0x0000000631200000, 0x0000000631200000|100%| E|CS|TAMS 0x0000000631000000, 0x0000000631000000| Complete 
| 366|0x0000000631200000, 0x0000000631400000, 0x0000000631400000|100%| E|CS|TAMS 0x0000000631200000, 0x0000000631200000| Complete 
| 367|0x0000000631400000, 0x0000000631600000, 0x0000000631600000|100%| E|CS|TAMS 0x0000000631400000, 0x0000000631400000| Complete 

Card table byte_map: [0x0000023df3330000,0x0000023df4320000] _byte_map_base: 0x0000023df0315000

Marking Bits (Prev, Next): (CMBitMap*) 0x0000023de90827c0, (CMBitMap*) 0x0000023de9082788
 Prev Bits: [0x0000023d8f000000, 0x0000023d96f28000)
 Next Bits: [0x0000023df5310000, 0x0000023dfd238000)

Polling page: 0x0000023de90d0000

Metaspace:

Usage:
  Non-class:    112.34 MB capacity,   110.64 MB ( 98%) used,     1.32 MB (  1%) free+waste,   393.06 KB ( <1%) overhead. 
      Class:     14.86 MB capacity,    13.82 MB ( 93%) used,   900.45 KB (  6%) free+waste,   162.63 KB (  1%) overhead. 
       Both:    127.19 MB capacity,   124.46 MB ( 98%) used,     2.20 MB (  2%) free+waste,   555.69 KB ( <1%) overhead. 

Virtual space:
  Non-class space:      114.00 MB reserved,     112.50 MB ( 99%) committed 
      Class space:        1.00 GB reserved,      14.95 MB (  1%) committed 
             Both:        1.11 GB reserved,     127.45 MB ( 11%) committed 

Chunk freelists:
   Non-Class:  4.88 KB
       Class:  2.38 KB
        Both:  7.25 KB

CodeHeap 'non-profiled nmethods': size=119168Kb used=18846Kb max_used=19456Kb free=100321Kb
 bounds [0x0000023d87ba0000, 0x0000023d88ed0000, 0x0000023d8f000000]
CodeHeap 'profiled nmethods': size=119168Kb used=43088Kb max_used=44241Kb free=76079Kb
 bounds [0x0000023d80740000, 0x0000023d832a0000, 0x0000023d87ba0000]
CodeHeap 'non-nmethods': size=7424Kb used=2988Kb max_used=3109Kb free=4435Kb
 bounds [0x0000023d80000000, 0x0000023d80390000, 0x0000023d80740000]
 total_blobs=27754 nmethods=17094 adapters=591
 compilation: enabled
              stopped_count=0, restarted_count=0
 full_count=0

Compilation events (10 events):
Event: 41.023 Thread 0x0000023d9884a000 20091       3       java.security.SecureClassLoader::defineClass (16 bytes)
Event: 41.024 Thread 0x0000023d9884a000 nmethod 20091 0x0000023d82219e90 code [0x0000023d8221a060, 0x0000023d8221a260]
Event: 41.033 Thread 0x0000023da0386800 20093   !   3       jdk.internal.reflect.GeneratedConstructorAccessor18::newInstance (53 bytes)
Event: 41.034 Thread 0x0000023d986a4800 20094   !   3       com.sun.proxy.$Proxy19::name (29 bytes)
Event: 41.034 Thread 0x0000023d986a4800 nmethod 20094 0x0000023d82363190 code [0x0000023d82363380, 0x0000023d82363800]
Event: 41.034 Thread 0x0000023da0386800 nmethod 20093 0x0000023d82364190 code [0x0000023d823643e0, 0x0000023d82364cf0]
Event: 41.034 Thread 0x0000023d97cc0800 20095       2       org.springframework.core.ResolvableType::forMethodParameter (40 bytes)
Event: 41.035 Thread 0x0000023d97cc0800 nmethod 20095 0x0000023d82362910 code [0x0000023d82362b20, 0x0000023d82362f30]
Event: 41.043 Thread 0x0000023d9e663800 nmethod 19703 0x0000023d88ea3490 code [0x0000023d88ea4080, 0x0000023d88eb0250]
Event: 41.043 Thread 0x0000023d9e663800 20089       4       java.util.AbstractCollection::containsAll (38 bytes)

GC Heap History (10 events):
Event: 38.535 GC heap before
{Heap before GC invocations=31 (full 0):
 garbage-first heap   total 753664K, used 641974K [0x0000000603600000, 0x0000000800000000)
  region size 2048K, 210 young (430080K), 17 survivors (34816K)
 Metaspace       used 122237K, capacity 124827K, committed 125004K, reserved 1159168K
  class space    used 13627K, capacity 14603K, committed 14668K, reserved 1048576K
}
Event: 38.544 GC heap after
{Heap after GC invocations=32 (full 0):
 garbage-first heap   total 753664K, used 248700K [0x0000000603600000, 0x0000000800000000)
  region size 2048K, 14 young (28672K), 14 survivors (28672K)
 Metaspace       used 122237K, capacity 124827K, committed 125004K, reserved 1159168K
  class space    used 13627K, capacity 14603K, committed 14668K, reserved 1048576K
}
Event: 39.015 GC heap before
{Heap before GC invocations=32 (full 0):
 garbage-first heap   total 753664K, used 648060K [0x0000000603600000, 0x0000000800000000)
  region size 2048K, 209 young (428032K), 14 survivors (28672K)
 Metaspace       used 122714K, capacity 125250K, committed 125516K, reserved 1161216K
  class space    used 13658K, capacity 14636K, committed 14668K, reserved 1048576K
}
Event: 39.024 GC heap after
{Heap after GC invocations=33 (full 0):
 garbage-first heap   total 753664K, used 251163K [0x0000000603600000, 0x0000000800000000)
  region size 2048K, 16 young (32768K), 16 survivors (32768K)
 Metaspace       used 122714K, capacity 125250K, committed 125516K, reserved 1161216K
  class space    used 13658K, capacity 14636K, committed 14668K, reserved 1048576K
}
Event: 39.559 GC heap before
{Heap before GC invocations=33 (full 0):
 garbage-first heap   total 753664K, used 642331K [0x0000000603600000, 0x0000000800000000)
  region size 2048K, 207 young (423936K), 16 survivors (32768K)
 Metaspace       used 123582K, capacity 126227K, committed 126412K, reserved 1161216K
  class space    used 13714K, capacity 14703K, committed 14796K, reserved 1048576K
}
Event: 39.568 GC heap after
{Heap after GC invocations=34 (full 0):
 garbage-first heap   total 753664K, used 254969K [0x0000000603600000, 0x0000000800000000)
  region size 2048K, 14 young (28672K), 14 survivors (28672K)
 Metaspace       used 123582K, capacity 126227K, committed 126412K, reserved 1161216K
  class space    used 13714K, capacity 14703K, committed 14796K, reserved 1048576K
}
Event: 40.091 GC heap before
{Heap before GC invocations=34 (full 0):
 garbage-first heap   total 753664K, used 648185K [0x0000000603600000, 0x0000000800000000)
  region size 2048K, 206 young (421888K), 14 survivors (28672K)
 Metaspace       used 124364K, capacity 126975K, committed 127180K, reserved 1161216K
  class space    used 13758K, capacity 14737K, committed 14796K, reserved 1048576K
}
Event: 40.099 GC heap after
{Heap after GC invocations=35 (full 0):
 garbage-first heap   total 753664K, used 261420K [0x0000000603600000, 0x0000000800000000)
  region size 2048K, 17 young (34816K), 17 survivors (34816K)
 Metaspace       used 124364K, capacity 126975K, committed 127180K, reserved 1161216K
  class space    used 13758K, capacity 14737K, committed 14796K, reserved 1048576K
}
Event: 40.493 GC heap before
{Heap before GC invocations=35 (full 0):
 garbage-first heap   total 753664K, used 642348K [0x0000000603600000, 0x0000000800000000)
  region size 2048K, 203 young (415744K), 17 survivors (34816K)
 Metaspace       used 125308K, capacity 127933K, committed 128076K, reserved 1163264K
  class space    used 13843K, capacity 14842K, committed 14924K, reserved 1048576K
}
Event: 40.503 GC heap after
{Heap after GC invocations=36 (full 0):
 garbage-first heap   total 753664K, used 265943K [0x0000000603600000, 0x0000000800000000)
  region size 2048K, 15 young (30720K), 15 survivors (30720K)
 Metaspace       used 125308K, capacity 127933K, committed 128076K, reserved 1163264K
  class space    used 13843K, capacity 14842K, committed 14924K, reserved 1048576K
}

Deoptimization events (10 events):
Event: 40.888 Thread 0x0000023de8ffc000 Uncommon trap: reason=bimorphic_or_optimized_type_check action=maybe_recompile pc=0x0000023d88b6e09c method=java.util.regex.Pattern$Curly.match1(Ljava/util/regex/Matcher;IILjava/lang/CharSequence;)Z @ 8 c2
Event: 40.889 Thread 0x0000023de8ffc000 Uncommon trap: reason=bimorphic_or_optimized_type_check action=maybe_recompile pc=0x0000023d88b6e09c method=java.util.regex.Pattern$Curly.match1(Ljava/util/regex/Matcher;IILjava/lang/CharSequence;)Z @ 8 c2
Event: 40.889 Thread 0x0000023de8ffc000 Uncommon trap: reason=bimorphic_or_optimized_type_check action=maybe_recompile pc=0x0000023d88b6e09c method=java.util.regex.Pattern$Curly.match1(Ljava/util/regex/Matcher;IILjava/lang/CharSequence;)Z @ 8 c2
Event: 40.889 Thread 0x0000023de8ffc000 Uncommon trap: reason=bimorphic_or_optimized_type_check action=maybe_recompile pc=0x0000023d88b6e09c method=java.util.regex.Pattern$Curly.match1(Ljava/util/regex/Matcher;IILjava/lang/CharSequence;)Z @ 8 c2
Event: 40.890 Thread 0x0000023de8ffc000 Uncommon trap: reason=unstable_if action=reinterpret pc=0x0000023d87ffefe0 method=org.springframework.core.annotation.AnnotationsScanner.isKnownEmpty(Ljava/lang/reflect/AnnotatedElement;Lorg/springframework/core/annotation/MergedAnnotations$SearchStrategy
Event: 40.924 Thread 0x0000023de8ffc000 Uncommon trap: reason=unstable_if action=reinterpret pc=0x0000023d87fc3dac method=java.security.SecureClassLoader$CodeSourceKey.hashCode()I @ 9 c2
Event: 40.924 Thread 0x0000023de8ffc000 Uncommon trap: reason=unstable_if action=reinterpret pc=0x0000023d88102d28 method=java.lang.ClassLoader.checkCerts(Ljava/lang/String;Ljava/security/CodeSource;)V @ 45 c2
Event: 40.951 Thread 0x0000023de8ffc000 Uncommon trap: reason=unstable_if action=reinterpret pc=0x0000023d88db1e30 method=com.sun.beans.introspect.MethodInfo.get(Ljava/lang/Class;)Ljava/util/List; @ 13 c2
Event: 40.967 Thread 0x0000023de8ffc000 Uncommon trap: reason=unstable_if action=reinterpret pc=0x0000023d88dfc9c8 method=org.springframework.orm.jpa.AbstractEntityManagerFactoryBean$ManagedEntityManagerFactoryInvocationHandler.invoke(Ljava/lang/Object;Ljava/lang/reflect/Method;[Ljava/lang/Obje
Event: 41.016 Thread 0x0000023de8ffc000 Uncommon trap: reason=bimorphic_or_optimized_type_check action=maybe_recompile pc=0x0000023d88d2e230 method=java.util.stream.StreamSpliterators$AbstractWrappingSpliterator.fillBuffer()Z @ 16 c2

Classes redefined (0 events):
No events

Internal exceptions (10 events):
Event: 40.951 Thread 0x0000023de8ffc000 Exception <a 'java/lang/ClassNotFoundException'{0x000000062d134a68}: org/springframework/boot/actuate/autoconfigure/metrics/jdbc/DataSourcePoolMetricsAutoConfiguration$HikariDataSourceMetricsConfigurationCustomizer> (0x000000062d134a68) thrown at [t:/work
Event: 40.954 Thread 0x0000023de8ffc000 Exception <a 'java/lang/ClassNotFoundException'{0x000000062d182e68}: java/lang/ObjectCustomizer> (0x000000062d182e68) thrown at [t:/workspace/open/src/hotspot/share/classfile/systemDictionary.cpp, line 231]
Event: 40.955 Thread 0x0000023de8ffc000 Exception <a 'java/lang/ClassNotFoundException'{0x000000062d1a7228}: org/springframework/boot/actuate/autoconfigure/metrics/jdbc/DataSourcePoolMetricsAutoConfiguration$DataSourcePoolMetadataMetricsConfigurationCustomizer> (0x000000062d1a7228) thrown at [t
Event: 40.964 Thread 0x0000023de8ffc000 Exception <a 'java/lang/IncompatibleClassChangeError'{0x000000062d1e15c0}: Found class java.lang.Object, but interface was expected> (0x000000062d1e15c0) thrown at [t:/workspace/open/src/hotspot/share/interpreter/linkResolver.cpp, line 856]
Event: 40.965 Thread 0x0000023de8ffc000 Exception <a 'java/lang/ClassNotFoundException'{0x000000062ce1a450}: java/lang/ObjectCustomizer> (0x000000062ce1a450) thrown at [t:/workspace/open/src/hotspot/share/classfile/systemDictionary.cpp, line 231]
Event: 40.966 Thread 0x0000023de8ffc000 Exception <a 'java/lang/ClassNotFoundException'{0x000000062ce37110}: org/springframework/boot/actuate/autoconfigure/metrics/orm/jpa/HibernateMetricsAutoConfigurationCustomizer> (0x000000062ce37110) thrown at [t:/workspace/open/src/hotspot/share/classfile/
Event: 41.038 Thread 0x0000023de8ffc000 Exception <a 'java/lang/ClassNotFoundException'{0x000000062c9735b0}: java/lang/ObjectCustomizer> (0x000000062c9735b0) thrown at [t:/workspace/open/src/hotspot/share/classfile/systemDictionary.cpp, line 231]
Event: 41.038 Thread 0x0000023de8ffc000 Exception <a 'java/lang/ClassNotFoundException'{0x000000062c98ef78}: org/springframework/cloud/client/discovery/simple/SimpleDiscoveryClientAutoConfigurationCustomizer> (0x000000062c98ef78) thrown at [t:/workspace/open/src/hotspot/share/classfile/systemDi
Event: 41.039 Thread 0x0000023de8ffc000 Exception <a 'java/lang/ClassNotFoundException'{0x000000062c9a7288}: org/springframework/context/ApplicationListenerCustomizer> (0x000000062c9a7288) thrown at [t:/workspace/open/src/hotspot/share/classfile/systemDictionary.cpp, line 231]
Event: 41.039 Thread 0x0000023de8ffc000 Exception <a 'java/lang/ClassNotFoundException'{0x000000062c9a9408}: java/util/EventListenerCustomizer> (0x000000062c9a9408) thrown at [t:/workspace/open/src/hotspot/share/classfile/systemDictionary.cpp, line 231]

Events (10 events):
Event: 41.039 loading class org/springframework/context/ApplicationListenerCustomizer done
Event: 41.039 loading class org/springframework/context/ApplicationListenerCustomizer
Event: 41.039 loading class org/springframework/context/ApplicationListenerCustomizer done
Event: 41.039 loading class org/springframework/context/ApplicationListenerCustomizer
Event: 41.039 loading class org/springframework/context/ApplicationListenerCustomizer done
Event: 41.039 loading class java/util/EventListenerCustomizer
Event: 41.039 loading class java/util/EventListenerCustomizer done
Event: 41.039 loading class java/util/EventListenerCustomizer
Event: 41.039 loading class java/util/EventListenerCustomizer done
Event: 41.045 loading class jdk/internal/reflect/UnsafeIntegerFieldAccessorImpl


Dynamic libraries:
0x00007ff7e49e0000 - 0x00007ff7e4a25000 	D:\sochfile\jdk-11\bin\javaw.exe
0x00007ffb172c0000 - 0x00007ffb174c9000 	C:\WINDOWS\SYSTEM32\ntdll.dll
0x00007ffb15a60000 - 0x00007ffb15b1d000 	C:\WINDOWS\System32\KERNEL32.DLL
0x00007ffb148a0000 - 0x00007ffb14c19000 	C:\WINDOWS\System32\KERNELBASE.dll
0x00007ffb166f0000 - 0x00007ffb1689c000 	C:\WINDOWS\System32\USER32.dll
0x00007ffb14d80000 - 0x00007ffb14da6000 	C:\WINDOWS\System32\win32u.dll
0x00007ffb16650000 - 0x00007ffb16679000 	C:\WINDOWS\System32\GDI32.dll
0x00007ffb14ed0000 - 0x00007ffb14fe2000 	C:\WINDOWS\System32\gdi32full.dll
0x00007ffb14c20000 - 0x00007ffb14cbd000 	C:\WINDOWS\System32\msvcp_win.dll
0x00007ffb14db0000 - 0x00007ffb14ec1000 	C:\WINDOWS\System32\ucrtbase.dll
0x00007ffaf6050000 - 0x00007ffaf62f5000 	C:\WINDOWS\WinSxS\amd64_microsoft.windows.common-controls_6595b64144ccf1df_6.0.22000.120_none_9d947278b86cc467\COMCTL32.dll
0x00007ffb15f90000 - 0x00007ffb16033000 	C:\WINDOWS\System32\msvcrt.dll
0x00007ffb17080000 - 0x00007ffb170b1000 	C:\WINDOWS\System32\IMM32.DLL
0x00007ffaff9b0000 - 0x00007ffaff9c6000 	D:\sochfile\jdk-11\bin\vcruntime140.dll
0x00007ffac2fa0000 - 0x00007ffac304a000 	D:\sochfile\jdk-11\bin\msvcp140.dll
0x00007ffa9ee40000 - 0x00007ffa9f981000 	D:\sochfile\jdk-11\bin\server\jvm.dll
0x00007ffb16480000 - 0x00007ffb1652e000 	C:\WINDOWS\System32\ADVAPI32.dll
0x00007ffb165b0000 - 0x00007ffb1664e000 	C:\WINDOWS\System32\sechost.dll
0x00007ffb15940000 - 0x00007ffb15a60000 	C:\WINDOWS\System32\RPCRT4.dll
0x00007ffb168c0000 - 0x00007ffb168c8000 	C:\WINDOWS\System32\PSAPI.DLL
0x00007ffafa970000 - 0x00007ffafa979000 	C:\WINDOWS\SYSTEM32\WSOCK32.dll
0x00007ffb00b40000 - 0x00007ffb00b73000 	C:\WINDOWS\SYSTEM32\WINMM.dll
0x00007ffb0df20000 - 0x00007ffb0df2a000 	C:\WINDOWS\SYSTEM32\VERSION.dll
0x00007ffb17140000 - 0x00007ffb171af000 	C:\WINDOWS\System32\WS2_32.dll
0x00007ffb138b0000 - 0x00007ffb138c8000 	C:\WINDOWS\SYSTEM32\kernel.appcore.dll
0x00007ffaffbf0000 - 0x00007ffaffc01000 	D:\sochfile\jdk-11\bin\verify.dll
0x00007ffb12280000 - 0x00007ffb124a1000 	C:\WINDOWS\SYSTEM32\DBGHELP.DLL
0x00007ffafa980000 - 0x00007ffafa9b1000 	C:\WINDOWS\SYSTEM32\dbgcore.DLL
0x00007ffb14820000 - 0x00007ffb1489f000 	C:\WINDOWS\System32\bcryptPrimitives.dll
0x00007ffafa5c0000 - 0x00007ffafa5e8000 	D:\sochfile\jdk-11\bin\java.dll
0x00007ffafa5a0000 - 0x00007ffafa5b6000 	D:\sochfile\jdk-11\bin\zip.dll
0x00007ffafcc50000 - 0x00007ffafcc5a000 	D:\sochfile\jdk-11\bin\jimage.dll
0x00007ffb168d0000 - 0x00007ffb1707f000 	C:\WINDOWS\System32\SHELL32.dll
0x00007ffb12920000 - 0x00007ffb13188000 	C:\WINDOWS\SYSTEM32\windows.storage.dll
0x00007ffb15b20000 - 0x00007ffb15e98000 	C:\WINDOWS\System32\combase.dll
0x00007ffb127b0000 - 0x00007ffb12916000 	C:\WINDOWS\SYSTEM32\wintypes.dll
0x00007ffb15ea0000 - 0x00007ffb15f8a000 	C:\WINDOWS\System32\SHCORE.dll
0x00007ffb160b0000 - 0x00007ffb1610d000 	C:\WINDOWS\System32\shlwapi.dll
0x00007ffb146e0000 - 0x00007ffb14701000 	C:\WINDOWS\SYSTEM32\profapi.dll
0x00007ffafa580000 - 0x00007ffafa599000 	D:\sochfile\jdk-11\bin\net.dll
0x00007ffb0efb0000 - 0x00007ffb0f0bc000 	C:\WINDOWS\SYSTEM32\WINHTTP.dll
0x00007ffb13ce0000 - 0x00007ffb13d47000 	C:\WINDOWS\system32\mswsock.dll
0x00007ffafa560000 - 0x00007ffafa573000 	D:\sochfile\jdk-11\bin\nio.dll
0x00007ffb133e0000 - 0x00007ffb1340d000 	C:\WINDOWS\SYSTEM32\IPHLPAPI.DLL
0x00007ffb16680000 - 0x00007ffb16689000 	C:\WINDOWS\System32\NSI.dll
0x00007ffb0f6f0000 - 0x00007ffb0f709000 	C:\WINDOWS\SYSTEM32\dhcpcsvc6.DLL
0x00007ffb0f9e0000 - 0x00007ffb0f9fe000 	C:\WINDOWS\SYSTEM32\dhcpcsvc.DLL
0x00007ffb13450000 - 0x00007ffb13538000 	C:\WINDOWS\SYSTEM32\DNSAPI.dll
0x00007ffb00750000 - 0x00007ffb0075a000 	C:\Windows\System32\rasadhlp.dll
0x00007ffb0cf80000 - 0x00007ffb0d001000 	C:\WINDOWS\System32\fwpuclnt.dll
0x00007ffafa550000 - 0x00007ffafa559000 	D:\sochfile\jdk-11\bin\management.dll
0x00007ffafa450000 - 0x00007ffafa45c000 	D:\sochfile\jdk-11\bin\management_ext.dll
0x00007ffb10850000 - 0x00007ffb10867000 	C:\WINDOWS\system32\napinsp.dll
0x00007ffaffc60000 - 0x00007ffaffc7b000 	C:\WINDOWS\system32\pnrpnsp.dll
0x00007ffaffc40000 - 0x00007ffaffc52000 	C:\WINDOWS\System32\winrnr.dll
0x00007ffae6100000 - 0x00007ffae6115000 	C:\WINDOWS\system32\wshbth.dll
0x00007ffac3db0000 - 0x00007ffac3dcf000 	C:\WINDOWS\system32\nlansp_c.dll
0x00007ffb13f20000 - 0x00007ffb13f38000 	C:\WINDOWS\SYSTEM32\CRYPTSP.dll
0x00007ffb13810000 - 0x00007ffb13845000 	C:\WINDOWS\system32\rsaenh.dll
0x00007ffb13dd0000 - 0x00007ffb13df9000 	C:\WINDOWS\SYSTEM32\USERENV.dll
0x00007ffb140a0000 - 0x00007ffb140c7000 	C:\WINDOWS\SYSTEM32\bcrypt.dll
0x00007ffb13f40000 - 0x00007ffb13f4c000 	C:\WINDOWS\SYSTEM32\CRYPTBASE.dll
0x00007ffafa640000 - 0x00007ffafa64d000 	D:\sochfile\jdk-11\bin\sunmscapi.dll
0x00007ffb14ff0000 - 0x00007ffb15152000 	C:\WINDOWS\System32\CRYPT32.dll
0x00007ffb14070000 - 0x00007ffb14098000 	C:\WINDOWS\SYSTEM32\ncrypt.dll
0x00007ffb14030000 - 0x00007ffb14067000 	C:\WINDOWS\SYSTEM32\NTASN1.dll
0x00007ffaeb6a0000 - 0x00007ffaeb6c7000 	D:\sochfile\jdk-11\bin\sunec.dll
0x00007ffab0130000 - 0x00007ffab02ce000 	D:\sochfile\jdk-11\bin\awt.dll
0x00007ffb163a0000 - 0x00007ffb16476000 	C:\WINDOWS\System32\OLEAUT32.dll
0x00007ffb10020000 - 0x00007ffb105d8000 	C:\WINDOWS\SYSTEM32\d2d1.dll
0x00007ffb118d0000 - 0x00007ffb11961000 	C:\WINDOWS\SYSTEM32\apphelp.dll

dbghelp: loaded successfully - version: 4.0.5 - missing functions: none
symbol engine: initialized successfully - sym options: 0x614 - pdb path: .;D:\sochfile\jdk-11\bin;C:\WINDOWS\SYSTEM32;C:\WINDOWS\WinSxS\amd64_microsoft.windows.common-controls_6595b64144ccf1df_6.0.22000.120_none_9d947278b86cc467;D:\sochfile\jdk-11\bin\server

VM Arguments:
jvm_args: -Dfile.encoding=UTF-8 
java_command: gov.naco.soch.admin.AdminMicroserviceApplication
java_class_path (initial): D:\sochbackend\soch-admin-microservice\target\classes;C:\Users\NACO\.m2\repository\org\apache\poi\poi-ooxml\3.15\poi-ooxml-3.15.jar;C:\Users\NACO\.m2\repository\org\apache\poi\poi\3.15\poi-3.15.jar;C:\Users\NACO\.m2\repository\org\apache\commons\commons-collections4\4.1\commons-collections4-4.1.jar;C:\Users\NACO\.m2\repository\org\apache\poi\poi-ooxml-schemas\3.15\poi-ooxml-schemas-3.15.jar;C:\Users\NACO\.m2\repository\org\apache\xmlbeans\xmlbeans\2.6.0\xmlbeans-2.6.0.jar;C:\Users\NACO\.m2\repository\stax\stax-api\1.0.1\stax-api-1.0.1.jar;C:\Users\NACO\.m2\repository\com\github\virtuald\curvesapi\1.04\curvesapi-1.04.jar;C:\Users\NACO\.m2\repository\com\google\code\gson\gson\2.8.6\gson-2.8.6.jar;C:\Users\NACO\.m2\repository\org\springframework\data\spring-data-ldap\2.2.3.RELEASE\spring-data-ldap-2.2.3.RELEASE.jar;C:\Users\NACO\.m2\repository\org\springframework\spring-context\5.2.2.RELEASE\spring-context-5.2.2.RELEASE.jar;C:\Users\NACO\.m2\repository\org\springframework\spring-beans\5.2.2.RELEASE\spring-beans-5.2.2.RELEASE.jar;C:\Users\NACO\.m2\repository\org\springframework\spring-core\5.2.2.RELEASE\spring-core-5.2.2.RELEASE.jar;C:\Users\NACO\.m2\repository\org\springframework\spring-jcl\5.2.2.RELEASE\spring-jcl-5.2.2.RELEASE.jar;C:\Users\NACO\.m2\repository\org\springframework\spring-expression\5.2.2.RELEASE\spring-expression-5.2.2.RELEASE.jar;C:\Users\NACO\.m2\repository\org\springframework\ldap\spring-ldap-core\2.3.2.RELEASE\spring-ldap-core-2.3.2.RELEASE.jar;C:\Users\NACO\.m2\repository\org\springframework\spring-tx\5.2.2.RELEASE\spring-tx-5.2.2.RELEASE.jar;C:\Users\NACO\.m2\repository\org\springframework\data\spring-data-commons\2.2.3.RELEASE\spring-data-commons-2.2.3.RELEASE.jar;C:\Users\NACO\.m2\repository\org\slf4j\slf4j-api\1.7.29\slf4j-api-1.7.29.jar;C:\Users\NACO\.m2\repository\org\springframework\boot\spring-boot-starter-web\2.2.2.RELEASE\spring-boot-starter-web-2.2.2.RELEASE.jar;C:\Users\NACO\.m2\repository\org\springframewo
Launcher Type: SUN_STANDARD

[Global flags]
     intx CICompilerCount                          = 12                                        {product} {ergonomic}
     uint ConcGCThreads                            = 3                                         {product} {ergonomic}
     uint G1ConcRefinementThreads                  = 13                                        {product} {ergonomic}
   size_t G1HeapRegionSize                         = 2097152                                   {product} {ergonomic}
    uintx GCDrainStackTargetSize                   = 64                                        {product} {ergonomic}
   size_t InitialHeapSize                          = 534773760                                 {product} {ergonomic}
   size_t MarkStackSize                            = 4194304                                   {product} {ergonomic}
   size_t MaxHeapSize                              = 8533311488                                {product} {ergonomic}
   size_t MaxNewSize                               = 5119148032                                {product} {ergonomic}
   size_t MinHeapDeltaBytes                        = 2097152                                   {product} {ergonomic}
    uintx NonNMethodCodeHeapSize                   = 7591728                                {pd product} {ergonomic}
    uintx NonProfiledCodeHeapSize                  = 122033256                              {pd product} {ergonomic}
    uintx ProfiledCodeHeapSize                     = 122033256                              {pd product} {ergonomic}
    uintx ReservedCodeCacheSize                    = 251658240                              {pd product} {ergonomic}
     bool SegmentedCodeCache                       = true                                      {product} {ergonomic}
     bool UseCompressedClassPointers               = true                                 {lp64_product} {ergonomic}
     bool UseCompressedOops                        = true                                 {lp64_product} {ergonomic}
     bool UseG1GC                                  = true                                      {product} {ergonomic}
     bool UseLargePagesIndividualAllocation        = false                                  {pd product} {ergonomic}

Logging:
Log output configuration:
 #0: stdout all=warning uptime,level,tags
 #1: stderr all=off uptime,level,tags

Environment Variables:
JAVA_HOME=D:\sochfile\jdk-11
PATH=D:/sochfile/jdk-11/bin/server;D:/sochfile/jdk-11/bin;C:\WINDOWS\system32;C:\WINDOWS;C:\WINDOWS\System32\Wbem;C:\WINDOWS\System32\WindowsPowerShell\v1.0\;C:\WINDOWS\System32\OpenSSH\;C:\Program Files\PuTTY\;C:\Program Files\nodejs\;C:\Program Files\Git\cmd;C:\Program Files\PowerShell\7\;C:\Users\NACO\AppData\Local\Microsoft\WindowsApps;C:\Users\NACO\AppData\Local\Programs\Microsoft VS Code\bin;C:\Users\NACO\AppData\Roaming\npm;D:\sochfile\jdk-11\bin;D:\sochfile\apache-maven-3.8.1\bin;;C:\WINDOWS\system32;
USERNAME=NACO
OS=Windows_NT
PROCESSOR_IDENTIFIER=Intel64 Family 6 Model 165 Stepping 5, GenuineIntel



---------------  S Y S T E M  ---------------

OS: Windows 10 , 64 bit Build 22000 (10.0.22000.675)

CPU:total 16 (initial active 16) (8 cores per cpu, 2 threads per core) family 6 model 165 stepping 5, cmov, cx8, fxsr, mmx, sse, sse2, sse3, ssse3, sse4.1, sse4.2, popcnt, avx, avx2, aes, clmul, erms, 3dnowpref, lzcnt, ht, tsc, tscinvbit, bmi1, bmi2, adx, fma

Memory: 4k page, system-wide physical 32544M (20481M free)
TotalPageFile size 37408M (AvailPageFile size 24697M)
current process WorkingSet (physical memory assigned to process): 1433M, peak: 1439M
current process commit charge ("private bytes"): 1494M, peak: 1500M

vm_info: OpenJDK 64-Bit Server VM (11+28) for windows-amd64 JRE (11+28), built on Aug 23 2018 03:04:58 by "mach5one" with MS VC++ 15.5 (VS2017)

END.
